2025-08-31 15:44:38 0 [Note] Starting MariaDB 10.4.32-MariaDB source revision c4143f909528e3fab0677a28631d10389354c491 as process 10796
2025-08-31 15:44:38 0 [Note] Starting MariaDB 10.4.32-MariaDB source revision c4143f909528e3fab0677a28631d10389354c491 as process 7776
2025-08-31 15:44:38 0 [Note] InnoDB: Mutexes and rw_locks use Windows interlocked functions
2025-08-31 15:44:38 0 [Note] InnoDB: Uses event mutexes
2025-08-31 15:44:38 0 [Note] InnoDB: Compressed tables use zlib 1.3
2025-08-31 15:44:38 0 [Note] InnoDB: Number of pools: 1
2025-08-31 15:44:38 0 [Note] InnoDB: Using SSE2 crc32 instructions
2025-08-31 15:44:38 0 [Note] InnoDB: Initializing buffer pool, total size = 16M, instances = 1, chunk size = 16M
2025-08-31 15:44:38 0 [Note] InnoDB: Completed initialization of buffer pool
2025-08-31 15:44:38 0 [ERROR] InnoDB: The innodb_system data file 'ibdata1' must be writable
2025-08-31 15:44:38 0 [ERROR] InnoDB: The innodb_system data file 'ibdata1' must be writable
2025-08-31 15:44:38 0 [ERROR] Plugin 'InnoDB' registration as a STORAGE ENGINE failed.
2025-08-31 15:44:38 0 [Note] Plugin 'FEEDBACK' is disabled.
2025-08-31 15:44:38 0 [Note] InnoDB: Starting crash recovery from checkpoint LSN=300288
2025-08-31 15:44:38 0 [ERROR] Unknown/unsupported storage engine: InnoDB
2025-08-31 15:44:38 0 [ERROR] Aborting
2025-08-31 15:44:38 0 [Note] InnoDB: 128 out of 128 rollback segments are active.
2025-08-31 15:44:38 0 [Note] InnoDB: Removed temporary tablespace data file: "ibtmp1"
2025-08-31 15:44:38 0 [Note] InnoDB: Creating shared tablespace for temporary tables
2025-08-31 15:44:38 0 [Note] InnoDB: Setting file 'C:\xampp\mysql\data\ibtmp1' size to 12 MB. Physically writing the file full; Please wait ...
2025-08-31 15:44:38 0 [Note] InnoDB: File 'C:\xampp\mysql\data\ibtmp1' size is now 12 MB.
2025-08-31 15:44:38 0 [Note] InnoDB: Waiting for purge to start
2025-08-31 15:44:38 0 [Note] InnoDB: 10.4.32 started; log sequence number 300297; transaction id 170
2025-08-31 15:44:38 0 [Note] InnoDB: Loading buffer pool(s) from C:\xampp\mysql\data\ib_buffer_pool
2025-08-31 15:44:38 0 [Note] Plugin 'FEEDBACK' is disabled.
2025-08-31 15:44:38 0 [Note] InnoDB: Buffer pool(s) load completed at 250831 15:44:38
2025-08-31 15:44:38 0 [Note] Server socket created on IP: '::'.
2025-08-31 22:36:17 0 [Note] Starting MariaDB 10.4.32-MariaDB source revision c4143f909528e3fab0677a28631d10389354c491 as process 21428
2025-08-31 22:36:17 0 [Note] InnoDB: Mutexes and rw_locks use Windows interlocked functions
2025-08-31 22:36:17 0 [Note] InnoDB: Uses event mutexes
2025-08-31 22:36:17 0 [Note] InnoDB: Compressed tables use zlib 1.3
2025-08-31 22:36:17 0 [Note] InnoDB: Number of pools: 1
2025-08-31 22:36:17 0 [Note] InnoDB: Using SSE2 crc32 instructions
2025-08-31 22:36:17 0 [Note] InnoDB: Initializing buffer pool, total size = 16M, instances = 1, chunk size = 16M
2025-08-31 22:36:17 0 [Note] InnoDB: Completed initialization of buffer pool
2025-08-31 22:36:17 0 [Note] InnoDB: Starting crash recovery from checkpoint LSN=300306
2025-08-31 22:36:17 0 [Note] InnoDB: 128 out of 128 rollback segments are active.
2025-08-31 22:36:17 0 [Note] InnoDB: Removed temporary tablespace data file: "ibtmp1"
2025-08-31 22:36:17 0 [Note] InnoDB: Creating shared tablespace for temporary tables
2025-08-31 22:36:17 0 [Note] InnoDB: Setting file 'C:\xampp\mysql\data\ibtmp1' size to 12 MB. Physically writing the file full; Please wait ...
2025-08-31 22:36:17 0 [Note] InnoDB: File 'C:\xampp\mysql\data\ibtmp1' size is now 12 MB.
2025-08-31 22:36:17 0 [Note] InnoDB: Waiting for purge to start
2025-08-31 22:36:17 0 [Note] InnoDB: 10.4.32 started; log sequence number 300315; transaction id 170
2025-08-31 22:36:17 0 [Note] InnoDB: Loading buffer pool(s) from C:\xampp\mysql\data\ib_buffer_pool
2025-08-31 22:36:17 0 [Note] Plugin 'FEEDBACK' is disabled.
2025-08-31 22:36:17 0 [Note] InnoDB: Buffer pool(s) load completed at 250831 22:36:17
2025-08-31 22:36:17 0 [Note] Server socket created on IP: '::'.
2025-09-03 21:58:41 0 [Note] Starting MariaDB 10.4.32-MariaDB source revision c4143f909528e3fab0677a28631d10389354c491 as process 11968
2025-09-03 21:58:41 0 [Note] InnoDB: Mutexes and rw_locks use Windows interlocked functions
2025-09-03 21:58:41 0 [Note] InnoDB: Uses event mutexes
2025-09-03 21:58:41 0 [Note] InnoDB: Compressed tables use zlib 1.3
2025-09-03 21:58:41 0 [Note] InnoDB: Number of pools: 1
2025-09-03 21:58:41 0 [Note] InnoDB: Using SSE2 crc32 instructions
2025-09-03 21:58:41 0 [Note] InnoDB: Initializing buffer pool, total size = 16M, instances = 1, chunk size = 16M
2025-09-03 21:58:41 0 [Note] InnoDB: Completed initialization of buffer pool
2025-09-03 21:58:41 0 [Note] InnoDB: Starting crash recovery from checkpoint LSN=300324
2025-09-03 21:58:41 0 [Note] InnoDB: 128 out of 128 rollback segments are active.
2025-09-03 21:58:41 0 [Note] InnoDB: Removed temporary tablespace data file: "ibtmp1"
2025-09-03 21:58:41 0 [Note] InnoDB: Creating shared tablespace for temporary tables
2025-09-03 21:58:41 0 [Note] InnoDB: Setting file 'C:\xampp\mysql\data\ibtmp1' size to 12 MB. Physically writing the file full; Please wait ...
2025-09-03 21:58:41 0 [Note] InnoDB: File 'C:\xampp\mysql\data\ibtmp1' size is now 12 MB.
2025-09-03 21:58:41 0 [Note] InnoDB: Waiting for purge to start
2025-09-03 21:58:41 0 [Note] InnoDB: 10.4.32 started; log sequence number 300333; transaction id 170
2025-09-03 21:58:41 0 [Note] InnoDB: Loading buffer pool(s) from C:\xampp\mysql\data\ib_buffer_pool
2025-09-03 21:58:41 0 [Note] Plugin 'FEEDBACK' is disabled.
2025-09-03 21:58:41 0 [Note] InnoDB: Buffer pool(s) load completed at 250903 21:58:41
2025-09-03 21:58:42 0 [Note] Server socket created on IP: '::'.
2025-09-03 21:58:45 0 [Note] Starting MariaDB 10.4.32-MariaDB source revision c4143f909528e3fab0677a28631d10389354c491 as process 8488
2025-09-03 21:58:45 0 [Note] InnoDB: Mutexes and rw_locks use Windows interlocked functions
2025-09-03 21:58:45 0 [Note] InnoDB: Uses event mutexes
2025-09-03 21:58:45 0 [Note] InnoDB: Compressed tables use zlib 1.3
2025-09-03 21:58:45 0 [Note] InnoDB: Number of pools: 1
2025-09-03 21:58:45 0 [Note] InnoDB: Using SSE2 crc32 instructions
2025-09-03 21:58:45 0 [Note] InnoDB: Initializing buffer pool, total size = 16M, instances = 1, chunk size = 16M
2025-09-03 21:58:45 0 [Note] InnoDB: Completed initialization of buffer pool
2025-09-03 21:58:45 0 [Note] InnoDB: Starting crash recovery from checkpoint LSN=300324
2025-09-03 21:58:45 0 [Note] InnoDB: 128 out of 128 rollback segments are active.
2025-09-03 21:58:45 0 [Note] InnoDB: Removed temporary tablespace data file: "ibtmp1"
2025-09-03 21:58:45 0 [Note] InnoDB: Creating shared tablespace for temporary tables
2025-09-03 21:58:45 0 [Note] InnoDB: Setting file 'C:\xampp\mysql\data\ibtmp1' size to 12 MB. Physically writing the file full; Please wait ...
2025-09-03 21:58:45 0 [Note] InnoDB: File 'C:\xampp\mysql\data\ibtmp1' size is now 12 MB.
2025-09-03 21:58:45 0 [Note] InnoDB: Waiting for purge to start
2025-09-03 21:58:46 0 [Note] InnoDB: 10.4.32 started; log sequence number 300333; transaction id 170
2025-09-03 21:58:46 0 [Note] InnoDB: Loading buffer pool(s) from C:\xampp\mysql\data\ib_buffer_pool
2025-09-03 21:58:46 0 [Note] Plugin 'FEEDBACK' is disabled.
2025-09-03 21:58:46 0 [Note] Server socket created on IP: '::'.
2025-09-06 21:47:24 0 [Note] Starting MariaDB 10.4.32-MariaDB source revision c4143f909528e3fab0677a28631d10389354c491 as process 24300
2025-09-06 21:47:24 0 [Note] InnoDB: Mutexes and rw_locks use Windows interlocked functions
2025-09-06 21:47:24 0 [Note] InnoDB: Uses event mutexes
2025-09-06 21:47:24 0 [Note] InnoDB: Compressed tables use zlib 1.3
2025-09-06 21:47:24 0 [Note] InnoDB: Number of pools: 1
2025-09-06 21:47:24 0 [Note] InnoDB: Using SSE2 crc32 instructions
2025-09-06 21:47:24 0 [Note] InnoDB: Initializing buffer pool, total size = 16M, instances = 1, chunk size = 16M
2025-09-06 21:47:24 0 [Note] InnoDB: Completed initialization of buffer pool
2025-09-06 21:47:24 0 [Note] InnoDB: Starting crash recovery from checkpoint LSN=300342
2025-09-06 21:47:24 0 [Note] InnoDB: 128 out of 128 rollback segments are active.
2025-09-06 21:47:24 0 [Note] InnoDB: Removed temporary tablespace data file: "ibtmp1"
2025-09-06 21:47:24 0 [Note] InnoDB: Creating shared tablespace for temporary tables
2025-09-06 21:47:24 0 [Note] InnoDB: Setting file 'C:\xampp\mysql\data\ibtmp1' size to 12 MB. Physically writing the file full; Please wait ...
2025-09-06 21:47:24 0 [Note] InnoDB: File 'C:\xampp\mysql\data\ibtmp1' size is now 12 MB.
2025-09-06 21:47:24 0 [Note] InnoDB: Waiting for purge to start
2025-09-06 21:47:24 0 [Note] InnoDB: 10.4.32 started; log sequence number 300351; transaction id 170
2025-09-06 21:47:24 0 [Note] InnoDB: Loading buffer pool(s) from C:\xampp\mysql\data\ib_buffer_pool
2025-09-06 21:47:24 0 [Note] Plugin 'FEEDBACK' is disabled.
2025-09-06 21:47:24 0 [Note] InnoDB: Buffer pool(s) load completed at 250906 21:47:24
2025-09-06 21:47:24 0 [Note] Server socket created on IP: '::'.
2025-09-07 10:46:42 0 [Note] Starting MariaDB 10.4.32-MariaDB source revision c4143f909528e3fab0677a28631d10389354c491 as process 20876
2025-09-07 10:46:42 0 [Note] InnoDB: Mutexes and rw_locks use Windows interlocked functions
2025-09-07 10:46:42 0 [Note] InnoDB: Uses event mutexes
2025-09-07 10:46:42 0 [Note] InnoDB: Compressed tables use zlib 1.3
2025-09-07 10:46:42 0 [Note] InnoDB: Number of pools: 1
2025-09-07 10:46:42 0 [Note] InnoDB: Using SSE2 crc32 instructions
2025-09-07 10:46:42 0 [Note] InnoDB: Initializing buffer pool, total size = 16M, instances = 1, chunk size = 16M
2025-09-07 10:46:42 0 [Note] InnoDB: Completed initialization of buffer pool
2025-09-07 10:46:42 0 [Note] InnoDB: Starting crash recovery from checkpoint LSN=300360
2025-09-07 10:46:43 0 [Note] InnoDB: 128 out of 128 rollback segments are active.
2025-09-07 10:46:43 0 [Note] InnoDB: Removed temporary tablespace data file: "ibtmp1"
2025-09-07 10:46:43 0 [Note] InnoDB: Creating shared tablespace for temporary tables
2025-09-07 10:46:43 0 [Note] InnoDB: Setting file 'C:\xampp\mysql\data\ibtmp1' size to 12 MB. Physically writing the file full; Please wait ...
2025-09-07 10:46:43 0 [Note] InnoDB: File 'C:\xampp\mysql\data\ibtmp1' size is now 12 MB.
2025-09-07 10:46:43 0 [Note] InnoDB: Waiting for purge to start
2025-09-07 10:46:43 0 [Note] InnoDB: 10.4.32 started; log sequence number 300369; transaction id 170
2025-09-07 10:46:43 0 [Note] InnoDB: Loading buffer pool(s) from C:\xampp\mysql\data\ib_buffer_pool
2025-09-07 10:46:43 0 [Note] Plugin 'FEEDBACK' is disabled.
2025-09-07 10:46:43 0 [Note] InnoDB: Buffer pool(s) load completed at 250907 10:46:43
2025-09-07 10:46:43 0 [Note] Server socket created on IP: '::'.
2025-09-07 20:05:02 0 [Note] Starting MariaDB 10.4.32-MariaDB source revision c4143f909528e3fab0677a28631d10389354c491 as process 14564
2025-09-07 20:05:02 0 [Note] InnoDB: Mutexes and rw_locks use Windows interlocked functions
2025-09-07 20:05:02 0 [Note] InnoDB: Uses event mutexes
2025-09-07 20:05:02 0 [Note] InnoDB: Compressed tables use zlib 1.3
2025-09-07 20:05:02 0 [Note] InnoDB: Number of pools: 1
2025-09-07 20:05:02 0 [Note] InnoDB: Using SSE2 crc32 instructions
2025-09-07 20:05:02 0 [Note] InnoDB: Initializing buffer pool, total size = 16M, instances = 1, chunk size = 16M
2025-09-07 20:05:02 0 [Note] InnoDB: Completed initialization of buffer pool
2025-09-07 20:05:02 0 [Note] InnoDB: Starting crash recovery from checkpoint LSN=300378
2025-09-07 20:05:02 0 [Note] InnoDB: 128 out of 128 rollback segments are active.
2025-09-07 20:05:02 0 [Note] InnoDB: Removed temporary tablespace data file: "ibtmp1"
2025-09-07 20:05:02 0 [Note] InnoDB: Creating shared tablespace for temporary tables
2025-09-07 20:05:02 0 [Note] InnoDB: Setting file 'C:\xampp\mysql\data\ibtmp1' size to 12 MB. Physically writing the file full; Please wait ...
2025-09-07 20:05:02 0 [Note] InnoDB: File 'C:\xampp\mysql\data\ibtmp1' size is now 12 MB.
2025-09-07 20:05:02 0 [Note] InnoDB: Waiting for purge to start
2025-09-07 20:05:02 0 [Note] InnoDB: 10.4.32 started; log sequence number 300387; transaction id 170
2025-09-07 20:05:02 0 [Note] InnoDB: Loading buffer pool(s) from C:\xampp\mysql\data\ib_buffer_pool
2025-09-07 20:05:02 0 [Note] Plugin 'FEEDBACK' is disabled.
2025-09-07 20:05:02 0 [Note] InnoDB: Buffer pool(s) load completed at 250907 20:05:02
2025-09-07 20:05:02 0 [Note] Server socket created on IP: '::'.
2025-09-07 20:05:05 0 [Note] Starting MariaDB 10.4.32-MariaDB source revision c4143f909528e3fab0677a28631d10389354c491 as process 32476
2025-09-07 20:05:05 0 [Note] InnoDB: Mutexes and rw_locks use Windows interlocked functions
2025-09-07 20:05:05 0 [Note] InnoDB: Uses event mutexes
2025-09-07 20:05:05 0 [Note] InnoDB: Compressed tables use zlib 1.3
2025-09-07 20:05:05 0 [Note] InnoDB: Number of pools: 1
2025-09-07 20:05:05 0 [Note] InnoDB: Using SSE2 crc32 instructions
2025-09-07 20:05:05 0 [Note] InnoDB: Initializing buffer pool, total size = 16M, instances = 1, chunk size = 16M
2025-09-07 20:05:05 0 [Note] InnoDB: Completed initialization of buffer pool
2025-09-07 20:05:05 0 [Note] InnoDB: Starting crash recovery from checkpoint LSN=300378
2025-09-07 20:05:05 0 [Note] InnoDB: 128 out of 128 rollback segments are active.
2025-09-07 20:05:05 0 [Note] InnoDB: Removed temporary tablespace data file: "ibtmp1"
2025-09-07 20:05:05 0 [Note] InnoDB: Creating shared tablespace for temporary tables
2025-09-07 20:05:05 0 [Note] InnoDB: Setting file 'C:\xampp\mysql\data\ibtmp1' size to 12 MB. Physically writing the file full; Please wait ...
2025-09-07 20:05:05 0 [Note] InnoDB: File 'C:\xampp\mysql\data\ibtmp1' size is now 12 MB.
2025-09-07 20:05:05 0 [Note] InnoDB: Waiting for purge to start
2025-09-07 20:05:05 0 [Note] InnoDB: 10.4.32 started; log sequence number 300387; transaction id 170
2025-09-07 20:05:05 0 [Note] InnoDB: Loading buffer pool(s) from C:\xampp\mysql\data\ib_buffer_pool
2025-09-07 20:05:05 0 [Note] Plugin 'FEEDBACK' is disabled.
2025-09-07 20:05:05 0 [Note] InnoDB: Buffer pool(s) load completed at 250907 20:05:05
2025-09-07 20:05:05 0 [Note] Server socket created on IP: '::'.
2025-09-07 20:46:35 0 [Note] Starting MariaDB 10.4.32-MariaDB source revision c4143f909528e3fab0677a28631d10389354c491 as process 19204
2025-09-07 20:46:35 0 [Note] InnoDB: Mutexes and rw_locks use Windows interlocked functions
2025-09-07 20:46:35 0 [Note] InnoDB: Uses event mutexes
2025-09-07 20:46:35 0 [Note] InnoDB: Compressed tables use zlib 1.3
2025-09-07 20:46:35 0 [Note] InnoDB: Number of pools: 1
2025-09-07 20:46:35 0 [Note] InnoDB: Using SSE2 crc32 instructions
2025-09-07 20:46:35 0 [Note] InnoDB: Initializing buffer pool, total size = 16M, instances = 1, chunk size = 16M
2025-09-07 20:46:35 0 [Note] InnoDB: Completed initialization of buffer pool
2025-09-07 20:46:35 0 [Note] InnoDB: Starting crash recovery from checkpoint LSN=300396
2025-09-07 20:46:35 0 [Note] InnoDB: 128 out of 128 rollback segments are active.
2025-09-07 20:46:35 0 [Note] InnoDB: Removed temporary tablespace data file: "ibtmp1"
2025-09-07 20:46:35 0 [Note] InnoDB: Creating shared tablespace for temporary tables
2025-09-07 20:46:35 0 [Note] InnoDB: Setting file 'C:\xampp\mysql\data\ibtmp1' size to 12 MB. Physically writing the file full; Please wait ...
2025-09-07 20:46:35 0 [Note] InnoDB: File 'C:\xampp\mysql\data\ibtmp1' size is now 12 MB.
2025-09-07 20:46:35 0 [Note] InnoDB: Waiting for purge to start
2025-09-07 20:46:35 0 [Note] InnoDB: 10.4.32 started; log sequence number 300405; transaction id 170
2025-09-07 20:46:35 0 [Note] InnoDB: Loading buffer pool(s) from C:\xampp\mysql\data\ib_buffer_pool
2025-09-07 20:46:35 0 [Note] Plugin 'FEEDBACK' is disabled.
2025-09-07 20:46:35 0 [Note] InnoDB: Buffer pool(s) load completed at 250907 20:46:35
2025-09-07 20:46:35 0 [Note] Server socket created on IP: '::'.
2025-09-07 23:06:39 0 [Note] Starting MariaDB 10.4.32-MariaDB source revision c4143f909528e3fab0677a28631d10389354c491 as process 21236
2025-09-07 23:06:39 0 [Note] InnoDB: Mutexes and rw_locks use Windows interlocked functions
2025-09-07 23:06:39 0 [Note] InnoDB: Uses event mutexes
2025-09-07 23:06:39 0 [Note] InnoDB: Compressed tables use zlib 1.3
2025-09-07 23:06:39 0 [Note] InnoDB: Number of pools: 1
2025-09-07 23:06:39 0 [Note] InnoDB: Using SSE2 crc32 instructions
2025-09-07 23:06:39 0 [Note] InnoDB: Initializing buffer pool, total size = 16M, instances = 1, chunk size = 16M
2025-09-07 23:06:39 0 [Note] InnoDB: Completed initialization of buffer pool
2025-09-07 23:06:39 0 [Note] InnoDB: Starting crash recovery from checkpoint LSN=300414
2025-09-07 23:06:40 0 [Note] InnoDB: 128 out of 128 rollback segments are active.
2025-09-07 23:06:40 0 [Note] InnoDB: Removed temporary tablespace data file: "ibtmp1"
2025-09-07 23:06:40 0 [Note] InnoDB: Creating shared tablespace for temporary tables
2025-09-07 23:06:40 0 [Note] InnoDB: Setting file 'C:\xampp\mysql\data\ibtmp1' size to 12 MB. Physically writing the file full; Please wait ...
2025-09-07 23:06:40 0 [Note] InnoDB: File 'C:\xampp\mysql\data\ibtmp1' size is now 12 MB.
2025-09-07 23:06:40 0 [Note] InnoDB: Waiting for purge to start
2025-09-07 23:06:40 0 [Note] InnoDB: 10.4.32 started; log sequence number 300423; transaction id 170
2025-09-07 23:06:40 0 [Note] InnoDB: Loading buffer pool(s) from C:\xampp\mysql\data\ib_buffer_pool
2025-09-07 23:06:40 0 [Note] Plugin 'FEEDBACK' is disabled.
2025-09-07 23:06:40 0 [Note] InnoDB: Buffer pool(s) load completed at 250907 23:06:40
2025-09-07 23:06:40 0 [Note] Server socket created on IP: '::'.
2025-09-17 20:23:22 0 [Note] Starting MariaDB 10.4.32-MariaDB source revision c4143f909528e3fab0677a28631d10389354c491 as process 17256
2025-09-17 20:23:22 0 [Note] InnoDB: Mutexes and rw_locks use Windows interlocked functions
2025-09-17 20:23:22 0 [Note] InnoDB: Uses event mutexes
2025-09-17 20:23:22 0 [Note] InnoDB: Compressed tables use zlib 1.3
2025-09-17 20:23:22 0 [Note] InnoDB: Number of pools: 1
2025-09-17 20:23:22 0 [Note] InnoDB: Using SSE2 crc32 instructions
2025-09-17 20:23:22 0 [Note] InnoDB: Initializing buffer pool, total size = 16M, instances = 1, chunk size = 16M
2025-09-17 20:23:22 0 [Note] InnoDB: Completed initialization of buffer pool
2025-09-17 20:23:22 0 [Note] InnoDB: Starting crash recovery from checkpoint LSN=300432
2025-09-17 20:23:23 0 [Note] InnoDB: 128 out of 128 rollback segments are active.
2025-09-17 20:23:23 0 [Note] InnoDB: Removed temporary tablespace data file: "ibtmp1"
2025-09-17 20:23:23 0 [Note] InnoDB: Creating shared tablespace for temporary tables
2025-09-17 20:23:23 0 [Note] InnoDB: Setting file 'C:\xampp\mysql\data\ibtmp1' size to 12 MB. Physically writing the file full; Please wait ...
2025-09-17 20:23:23 0 [Note] InnoDB: File 'C:\xampp\mysql\data\ibtmp1' size is now 12 MB.
2025-09-17 20:23:23 0 [Note] InnoDB: Waiting for purge to start
2025-09-17 20:23:23 0 [Note] InnoDB: 10.4.32 started; log sequence number 300441; transaction id 170
2025-09-17 20:23:23 0 [Note] InnoDB: Loading buffer pool(s) from C:\xampp\mysql\data\ib_buffer_pool
2025-09-17 20:23:23 0 [Note] Plugin 'FEEDBACK' is disabled.
2025-09-17 20:23:23 0 [Note] InnoDB: Buffer pool(s) load completed at 250917 20:23:23
2025-09-17 20:23:23 0 [Note] Server socket created on IP: '::'.
2025-09-18 16:38:20 0 [Note] Starting MariaDB 10.4.32-MariaDB source revision c4143f909528e3fab0677a28631d10389354c491 as process 24980
2025-09-18 16:38:20 0 [Note] InnoDB: Mutexes and rw_locks use Windows interlocked functions
2025-09-18 16:38:20 0 [Note] InnoDB: Uses event mutexes
2025-09-18 16:38:20 0 [Note] InnoDB: Compressed tables use zlib 1.3
2025-09-18 16:38:20 0 [Note] InnoDB: Number of pools: 1
2025-09-18 16:38:20 0 [Note] InnoDB: Using SSE2 crc32 instructions
2025-09-18 16:38:20 0 [Note] InnoDB: Initializing buffer pool, total size = 16M, instances = 1, chunk size = 16M
2025-09-18 16:38:20 0 [Note] InnoDB: Completed initialization of buffer pool
2025-09-18 16:38:20 0 [Note] InnoDB: Starting crash recovery from checkpoint LSN=300450
2025-09-18 16:38:21 0 [Note] InnoDB: 128 out of 128 rollback segments are active.
2025-09-18 16:38:21 0 [Note] InnoDB: Removed temporary tablespace data file: "ibtmp1"
2025-09-18 16:38:21 0 [Note] InnoDB: Creating shared tablespace for temporary tables
2025-09-18 16:38:21 0 [Note] InnoDB: Setting file 'C:\xampp\mysql\data\ibtmp1' size to 12 MB. Physically writing the file full; Please wait ...
2025-09-18 16:38:21 0 [Note] InnoDB: File 'C:\xampp\mysql\data\ibtmp1' size is now 12 MB.
2025-09-18 16:38:21 0 [Note] InnoDB: Waiting for purge to start
2025-09-18 16:38:21 0 [Note] InnoDB: 10.4.32 started; log sequence number 300459; transaction id 170
2025-09-18 16:38:21 0 [Note] InnoDB: Loading buffer pool(s) from C:\xampp\mysql\data\ib_buffer_pool
2025-09-18 16:38:21 0 [Note] Plugin 'FEEDBACK' is disabled.
2025-09-18 16:38:21 0 [Note] InnoDB: Buffer pool(s) load completed at 250918 16:38:21
2025-09-18 16:38:21 0 [Note] Server socket created on IP: '::'.
2025-09-18 17:19:10 0 [Note] Starting MariaDB 10.4.32-MariaDB source revision c4143f909528e3fab0677a28631d10389354c491 as process 20704
2025-09-18 17:19:10 0 [Note] InnoDB: Mutexes and rw_locks use Windows interlocked functions
2025-09-18 17:19:10 0 [Note] InnoDB: Uses event mutexes
2025-09-18 17:19:10 0 [Note] InnoDB: Compressed tables use zlib 1.3
2025-09-18 17:19:10 0 [Note] InnoDB: Number of pools: 1
2025-09-18 17:19:10 0 [Note] InnoDB: Using SSE2 crc32 instructions
2025-09-18 17:19:10 0 [Note] InnoDB: Initializing buffer pool, total size = 16M, instances = 1, chunk size = 16M
2025-09-18 17:19:10 0 [Note] InnoDB: Completed initialization of buffer pool
2025-09-18 17:19:10 0 [Note] InnoDB: Starting crash recovery from checkpoint LSN=300450
2025-09-18 17:19:11 0 [Note] InnoDB: 128 out of 128 rollback segments are active.
2025-09-18 17:19:11 0 [Note] InnoDB: Removed temporary tablespace data file: "ibtmp1"
2025-09-18 17:19:11 0 [Note] InnoDB: Creating shared tablespace for temporary tables
2025-09-18 17:19:11 0 [Note] InnoDB: Setting file 'C:\xampp\mysql\data\ibtmp1' size to 12 MB. Physically writing the file full; Please wait ...
2025-09-18 17:19:11 0 [Note] InnoDB: File 'C:\xampp\mysql\data\ibtmp1' size is now 12 MB.
2025-09-18 17:19:11 0 [Note] InnoDB: Waiting for purge to start
2025-09-18 17:19:11 0 [Note] InnoDB: 10.4.32 started; log sequence number 300459; transaction id 170
2025-09-18 17:19:11 0 [Note] InnoDB: Loading buffer pool(s) from C:\xampp\mysql\data\ib_buffer_pool
2025-09-18 17:19:11 0 [Note] Plugin 'FEEDBACK' is disabled.
2025-09-18 17:19:11 0 [Note] InnoDB: Buffer pool(s) load completed at 250918 17:19:11
2025-09-18 17:19:11 0 [Note] Server socket created on IP: '::'.
2025-09-19  0:08:14 0 [Note] Starting MariaDB 10.4.32-MariaDB source revision c4143f909528e3fab0677a28631d10389354c491 as process 32980
2025-09-19  0:08:14 0 [Note] InnoDB: Mutexes and rw_locks use Windows interlocked functions
2025-09-19  0:08:14 0 [Note] InnoDB: Uses event mutexes
2025-09-19  0:08:14 0 [Note] InnoDB: Compressed tables use zlib 1.3
2025-09-19  0:08:14 0 [Note] InnoDB: Number of pools: 1
2025-09-19  0:08:14 0 [Note] InnoDB: Using SSE2 crc32 instructions
2025-09-19  0:08:14 0 [Note] InnoDB: Initializing buffer pool, total size = 16M, instances = 1, chunk size = 16M
2025-09-19  0:08:14 0 [Note] InnoDB: Completed initialization of buffer pool
2025-09-19  0:08:14 0 [Note] InnoDB: Starting crash recovery from checkpoint LSN=300468
2025-09-19  0:08:14 0 [Note] InnoDB: 128 out of 128 rollback segments are active.
2025-09-19  0:08:14 0 [Note] InnoDB: Removed temporary tablespace data file: "ibtmp1"
2025-09-19  0:08:14 0 [Note] InnoDB: Creating shared tablespace for temporary tables
2025-09-19  0:08:14 0 [Note] InnoDB: Setting file 'C:\xampp\mysql\data\ibtmp1' size to 12 MB. Physically writing the file full; Please wait ...
2025-09-19  0:08:14 0 [Note] InnoDB: File 'C:\xampp\mysql\data\ibtmp1' size is now 12 MB.
2025-09-19  0:08:14 0 [Note] InnoDB: Waiting for purge to start
2025-09-19  0:08:14 0 [Note] InnoDB: 10.4.32 started; log sequence number 300477; transaction id 170
2025-09-19  0:08:14 0 [Note] InnoDB: Loading buffer pool(s) from C:\xampp\mysql\data\ib_buffer_pool
2025-09-19  0:08:14 0 [Note] Plugin 'FEEDBACK' is disabled.
2025-09-19  0:08:14 0 [Note] InnoDB: Buffer pool(s) load completed at 250919  0:08:14
2025-09-19  0:08:14 0 [Note] Server socket created on IP: '::'.
2025-09-23 20:44:51 0 [Note] Starting MariaDB 10.4.32-MariaDB source revision c4143f909528e3fab0677a28631d10389354c491 as process 27984
2025-09-23 20:44:51 0 [Note] InnoDB: Mutexes and rw_locks use Windows interlocked functions
2025-09-23 20:44:51 0 [Note] InnoDB: Uses event mutexes
2025-09-23 20:44:51 0 [Note] InnoDB: Compressed tables use zlib 1.3
2025-09-23 20:44:51 0 [Note] InnoDB: Number of pools: 1
2025-09-23 20:44:51 0 [Note] InnoDB: Using SSE2 crc32 instructions
2025-09-23 20:44:51 0 [Note] InnoDB: Initializing buffer pool, total size = 16M, instances = 1, chunk size = 16M
2025-09-23 20:44:51 0 [Note] InnoDB: Completed initialization of buffer pool
2025-09-23 20:44:51 0 [Note] InnoDB: Starting crash recovery from checkpoint LSN=300486
2025-09-23 20:44:52 0 [Note] InnoDB: 128 out of 128 rollback segments are active.
2025-09-23 20:44:52 0 [Note] InnoDB: Removed temporary tablespace data file: "ibtmp1"
2025-09-23 20:44:52 0 [Note] InnoDB: Creating shared tablespace for temporary tables
2025-09-23 20:44:52 0 [Note] InnoDB: Setting file 'C:\xampp\mysql\data\ibtmp1' size to 12 MB. Physically writing the file full; Please wait ...
2025-09-23 20:44:52 0 [Note] InnoDB: File 'C:\xampp\mysql\data\ibtmp1' size is now 12 MB.
2025-09-23 20:44:52 0 [Note] InnoDB: Waiting for purge to start
2025-09-23 20:44:52 0 [Note] InnoDB: 10.4.32 started; log sequence number 300495; transaction id 170
2025-09-23 20:44:52 0 [Note] InnoDB: Loading buffer pool(s) from C:\xampp\mysql\data\ib_buffer_pool
2025-09-23 20:44:52 0 [Note] Plugin 'FEEDBACK' is disabled.
2025-09-23 20:44:52 0 [Note] InnoDB: Buffer pool(s) load completed at 250923 20:44:52
2025-09-23 20:44:52 0 [Note] Server socket created on IP: '::'.
2025-09-23 21:21:23 0 [Note] Starting MariaDB 10.4.32-MariaDB source revision c4143f909528e3fab0677a28631d10389354c491 as process 25308
2025-09-23 21:21:23 0 [ERROR] InnoDB: The innodb_system data file 'ibdata1' must be writable
2025-09-23 21:21:23 0 [ERROR] InnoDB: The innodb_system data file 'ibdata1' must be writable
2025-09-23 21:21:23 0 [ERROR] Plugin 'InnoDB' registration as a STORAGE ENGINE failed.
2025-09-23 21:21:23 0 [Note] Plugin 'FEEDBACK' is disabled.
2025-09-23 21:21:23 0 [ERROR] Unknown/unsupported storage engine: InnoDB
2025-09-23 21:21:23 0 [ERROR] Aborting
2025-09-24 18:20:11 0 [Note] Starting MariaDB 10.4.32-MariaDB source revision c4143f909528e3fab0677a28631d10389354c491 as process 27064
2025-09-24 18:20:11 0 [Note] InnoDB: Mutexes and rw_locks use Windows interlocked functions
2025-09-24 18:20:11 0 [Note] InnoDB: Uses event mutexes
2025-09-24 18:20:11 0 [Note] InnoDB: Compressed tables use zlib 1.3
2025-09-24 18:20:11 0 [Note] InnoDB: Number of pools: 1
2025-09-24 18:20:11 0 [Note] InnoDB: Using SSE2 crc32 instructions
2025-09-24 18:20:11 0 [Note] InnoDB: Initializing buffer pool, total size = 16M, instances = 1, chunk size = 16M
2025-09-24 18:20:11 0 [Note] InnoDB: Completed initialization of buffer pool
2025-09-24 18:20:11 0 [Note] InnoDB: Starting crash recovery from checkpoint LSN=300504
2025-09-24 18:20:12 0 [Note] InnoDB: 128 out of 128 rollback segments are active.
2025-09-24 18:20:12 0 [Note] InnoDB: Removed temporary tablespace data file: "ibtmp1"
2025-09-24 18:20:12 0 [Note] InnoDB: Creating shared tablespace for temporary tables
2025-09-24 18:20:12 0 [Note] InnoDB: Setting file 'C:\xampp\mysql\data\ibtmp1' size to 12 MB. Physically writing the file full; Please wait ...
2025-09-24 18:20:12 0 [Note] InnoDB: File 'C:\xampp\mysql\data\ibtmp1' size is now 12 MB.
2025-09-24 18:20:12 0 [Note] InnoDB: Waiting for purge to start
2025-09-24 18:20:12 0 [Note] InnoDB: 10.4.32 started; log sequence number 300513; transaction id 170
2025-09-24 18:20:12 0 [Note] InnoDB: Loading buffer pool(s) from C:\xampp\mysql\data\ib_buffer_pool
2025-09-24 18:20:12 0 [Note] Plugin 'FEEDBACK' is disabled.
2025-09-24 18:20:12 0 [Note] InnoDB: Buffer pool(s) load completed at 250924 18:20:12
2025-09-24 18:20:12 0 [Note] Server socket created on IP: '::'.
2025-09-24 18:21:01 0 [Note] Starting MariaDB 10.4.32-MariaDB source revision c4143f909528e3fab0677a28631d10389354c491 as process 14420
2025-09-24 18:21:01 0 [Note] InnoDB: Mutexes and rw_locks use Windows interlocked functions
2025-09-24 18:21:01 0 [Note] InnoDB: Uses event mutexes
2025-09-24 18:21:01 0 [Note] InnoDB: Compressed tables use zlib 1.3
2025-09-24 18:21:01 0 [Note] InnoDB: Number of pools: 1
2025-09-24 18:21:01 0 [Note] InnoDB: Using SSE2 crc32 instructions
2025-09-24 18:21:01 0 [Note] InnoDB: Initializing buffer pool, total size = 16M, instances = 1, chunk size = 16M
2025-09-24 18:21:01 0 [Note] InnoDB: Completed initialization of buffer pool
2025-09-24 18:21:01 0 [Note] InnoDB: Starting crash recovery from checkpoint LSN=300504
2025-09-24 18:21:01 0 [Note] InnoDB: 128 out of 128 rollback segments are active.
2025-09-24 18:21:01 0 [Note] InnoDB: Removed temporary tablespace data file: "ibtmp1"
2025-09-24 18:21:01 0 [Note] InnoDB: Creating shared tablespace for temporary tables
2025-09-24 18:21:01 0 [Note] InnoDB: Setting file 'C:\xampp\mysql\data\ibtmp1' size to 12 MB. Physically writing the file full; Please wait ...
2025-09-24 18:21:01 0 [Note] InnoDB: File 'C:\xampp\mysql\data\ibtmp1' size is now 12 MB.
2025-09-24 18:21:01 0 [Note] InnoDB: Waiting for purge to start
2025-09-24 18:21:01 0 [Note] InnoDB: 10.4.32 started; log sequence number 300513; transaction id 170
2025-09-24 18:21:01 0 [Note] InnoDB: Loading buffer pool(s) from C:\xampp\mysql\data\ib_buffer_pool
2025-09-24 18:21:01 0 [Note] Plugin 'FEEDBACK' is disabled.
2025-09-24 18:21:01 0 [Note] InnoDB: Buffer pool(s) load completed at 250924 18:21:01
2025-09-24 18:21:01 0 [Note] Server socket created on IP: '::'.
2025-09-25 22:47:43 0 [Note] Starting MariaDB 10.4.32-MariaDB source revision c4143f909528e3fab0677a28631d10389354c491 as process 21836
2025-09-25 22:47:43 0 [Note] InnoDB: Mutexes and rw_locks use Windows interlocked functions
2025-09-25 22:47:43 0 [Note] InnoDB: Uses event mutexes
2025-09-25 22:47:43 0 [Note] InnoDB: Compressed tables use zlib 1.3
2025-09-25 22:47:43 0 [Note] InnoDB: Number of pools: 1
2025-09-25 22:47:43 0 [Note] InnoDB: Using SSE2 crc32 instructions
2025-09-25 22:47:43 0 [Note] InnoDB: Initializing buffer pool, total size = 16M, instances = 1, chunk size = 16M
2025-09-25 22:47:43 0 [Note] InnoDB: Completed initialization of buffer pool
2025-09-25 22:47:43 0 [Note] InnoDB: Starting crash recovery from checkpoint LSN=300522
2025-09-25 22:47:44 0 [Note] InnoDB: 128 out of 128 rollback segments are active.
2025-09-25 22:47:44 0 [Note] InnoDB: Removed temporary tablespace data file: "ibtmp1"
2025-09-25 22:47:44 0 [Note] InnoDB: Creating shared tablespace for temporary tables
2025-09-25 22:47:44 0 [Note] InnoDB: Setting file 'C:\xampp\mysql\data\ibtmp1' size to 12 MB. Physically writing the file full; Please wait ...
2025-09-25 22:47:44 0 [Note] InnoDB: File 'C:\xampp\mysql\data\ibtmp1' size is now 12 MB.
2025-09-25 22:47:44 0 [Note] InnoDB: Waiting for purge to start
2025-09-25 22:47:44 0 [Note] InnoDB: 10.4.32 started; log sequence number 300531; transaction id 170
2025-09-25 22:47:44 0 [Note] InnoDB: Loading buffer pool(s) from C:\xampp\mysql\data\ib_buffer_pool
2025-09-25 22:47:44 0 [Note] Plugin 'FEEDBACK' is disabled.
2025-09-25 22:47:44 0 [Note] InnoDB: Buffer pool(s) load completed at 250925 22:47:44
2025-09-25 22:47:44 0 [Note] Server socket created on IP: '::'.
2025-10-01 22:27:57 0 [Note] Starting MariaDB 10.4.32-MariaDB source revision c4143f909528e3fab0677a28631d10389354c491 as process 10452
2025-10-01 22:27:57 0 [Note] InnoDB: Mutexes and rw_locks use Windows interlocked functions
2025-10-01 22:27:57 0 [Note] InnoDB: Uses event mutexes
2025-10-01 22:27:57 0 [Note] InnoDB: Compressed tables use zlib 1.3
2025-10-01 22:27:57 0 [Note] InnoDB: Number of pools: 1
2025-10-01 22:27:57 0 [Note] InnoDB: Using SSE2 crc32 instructions
2025-10-01 22:27:57 0 [Note] InnoDB: Initializing buffer pool, total size = 16M, instances = 1, chunk size = 16M
2025-10-01 22:27:57 0 [Note] InnoDB: Completed initialization of buffer pool
2025-10-01 22:27:57 0 [Note] InnoDB: The log sequence number 139827 in the system tablespace does not match the log sequence number 300556 in the ib_logfiles!
2025-10-01 22:27:57 0 [Note] InnoDB: 128 out of 128 rollback segments are active.
2025-10-01 22:27:57 0 [Note] InnoDB: Removed temporary tablespace data file: "ibtmp1"
2025-10-01 22:27:57 0 [Note] InnoDB: Creating shared tablespace for temporary tables
2025-10-01 22:27:57 0 [Note] InnoDB: Setting file 'C:\xampp\mysql\data\ibtmp1' size to 12 MB. Physically writing the file full; Please wait ...
2025-10-01 22:27:57 0 [Note] InnoDB: File 'C:\xampp\mysql\data\ibtmp1' size is now 12 MB.
2025-10-01 22:27:57 0 [Note] InnoDB: Waiting for purge to start
2025-10-01 22:27:57 0 [Note] InnoDB: 10.4.32 started; log sequence number 300556; transaction id 170
2025-10-01 22:27:57 0 [Note] InnoDB: Loading buffer pool(s) from C:\xampp\mysql\data\ib_buffer_pool
2025-10-01 22:27:57 0 [Note] Plugin 'FEEDBACK' is disabled.
2025-10-01 22:27:57 0 [Note] InnoDB: Buffer pool(s) load completed at 251001 22:27:57
2025-10-01 22:27:57 0 [Note] Server socket created on IP: '::'.
2025-10-02 13:29:28 0 [Note] Starting MariaDB 10.4.32-MariaDB source revision c4143f909528e3fab0677a28631d10389354c491 as process 8760
2025-10-02 13:29:28 0 [Note] InnoDB: Mutexes and rw_locks use Windows interlocked functions
2025-10-02 13:29:28 0 [Note] InnoDB: Uses event mutexes
2025-10-02 13:29:28 0 [Note] InnoDB: Compressed tables use zlib 1.3
2025-10-02 13:29:28 0 [Note] InnoDB: Number of pools: 1
2025-10-02 13:29:28 0 [Note] InnoDB: Using SSE2 crc32 instructions
2025-10-02 13:29:28 0 [Note] InnoDB: Initializing buffer pool, total size = 16M, instances = 1, chunk size = 16M
2025-10-02 13:29:28 0 [Note] InnoDB: Completed initialization of buffer pool
2025-10-02 13:29:28 0 [Note] InnoDB: The log sequence number 139827 in the system tablespace does not match the log sequence number 300556 in the ib_logfiles!
2025-10-02 13:29:28 0 [Note] InnoDB: 128 out of 128 rollback segments are active.
2025-10-02 13:29:28 0 [Note] InnoDB: Removed temporary tablespace data file: "ibtmp1"
2025-10-02 13:29:28 0 [Note] InnoDB: Creating shared tablespace for temporary tables
2025-10-02 13:29:28 0 [Note] InnoDB: Setting file 'C:\xampp\mysql\data\ibtmp1' size to 12 MB. Physically writing the file full; Please wait ...
2025-10-02 13:29:28 0 [Note] InnoDB: File 'C:\xampp\mysql\data\ibtmp1' size is now 12 MB.
2025-10-02 13:29:28 0 [Note] InnoDB: Waiting for purge to start
2025-10-02 13:29:28 0 [Note] InnoDB: 10.4.32 started; log sequence number 300556; transaction id 170
2025-10-02 13:29:28 0 [Note] InnoDB: Loading buffer pool(s) from C:\xampp\mysql\data\ib_buffer_pool
2025-10-02 13:29:28 0 [Note] Plugin 'FEEDBACK' is disabled.
2025-10-02 13:29:28 0 [Note] Server socket created on IP: '::'.
2025-10-15 20:36:15 0 [Note] Starting MariaDB 10.4.32-MariaDB source revision c4143f909528e3fab0677a28631d10389354c491 as process 14160
2025-10-15 20:36:15 0 [Note] InnoDB: Mutexes and rw_locks use Windows interlocked functions
2025-10-15 20:36:15 0 [Note] InnoDB: Uses event mutexes
2025-10-15 20:36:15 0 [Note] InnoDB: Compressed tables use zlib 1.3
2025-10-15 20:36:15 0 [Note] InnoDB: Number of pools: 1
2025-10-15 20:36:15 0 [Note] InnoDB: Using SSE2 crc32 instructions
2025-10-15 20:36:15 0 [Note] InnoDB: Initializing buffer pool, total size = 16M, instances = 1, chunk size = 16M
2025-10-15 20:36:15 0 [Note] InnoDB: Completed initialization of buffer pool
2025-10-15 20:36:15 0 [Note] InnoDB: The log sequence number 139827 in the system tablespace does not match the log sequence number 300556 in the ib_logfiles!
2025-10-15 20:36:15 0 [Note] InnoDB: 128 out of 128 rollback segments are active.
2025-10-15 20:36:15 0 [Note] InnoDB: Removed temporary tablespace data file: "ibtmp1"
2025-10-15 20:36:15 0 [Note] InnoDB: Creating shared tablespace for temporary tables
2025-10-15 20:36:15 0 [Note] InnoDB: Setting file 'C:\xampp\mysql\data\ibtmp1' size to 12 MB. Physically writing the file full; Please wait ...
2025-10-15 20:36:15 0 [Note] InnoDB: File 'C:\xampp\mysql\data\ibtmp1' size is now 12 MB.
2025-10-15 20:36:15 0 [Note] InnoDB: Waiting for purge to start
2025-10-15 20:36:15 0 [Note] InnoDB: 10.4.32 started; log sequence number 300556; transaction id 170
2025-10-15 20:36:15 0 [Note] Plugin 'FEEDBACK' is disabled.
2025-10-15 20:36:15 0 [Note] InnoDB: Loading buffer pool(s) from C:\xampp\mysql\data\ib_buffer_pool
2025-10-15 20:36:15 0 [Note] InnoDB: Buffer pool(s) load completed at 251015 20:36:15
2025-10-15 20:36:15 0 [Note] Server socket created on IP: '::'.
2025-10-16 11:00:26 0 [Note] Starting MariaDB 10.4.32-MariaDB source revision c4143f909528e3fab0677a28631d10389354c491 as process 18516
2025-10-16 11:00:26 0 [Note] InnoDB: Mutexes and rw_locks use Windows interlocked functions
2025-10-16 11:00:26 0 [Note] InnoDB: Uses event mutexes
2025-10-16 11:00:26 0 [Note] InnoDB: Compressed tables use zlib 1.3
2025-10-16 11:00:26 0 [Note] InnoDB: Number of pools: 1
2025-10-16 11:00:26 0 [Note] InnoDB: Using SSE2 crc32 instructions
2025-10-16 11:00:26 0 [Note] InnoDB: Initializing buffer pool, total size = 16M, instances = 1, chunk size = 16M
2025-10-16 11:00:26 0 [Note] InnoDB: Completed initialization of buffer pool
2025-10-16 11:00:26 0 [Note] InnoDB: The log sequence number 139827 in the system tablespace does not match the log sequence number 300556 in the ib_logfiles!
2025-10-16 11:00:26 0 [Note] InnoDB: 128 out of 128 rollback segments are active.
2025-10-16 11:00:26 0 [Note] InnoDB: Removed temporary tablespace data file: "ibtmp1"
2025-10-16 11:00:26 0 [Note] InnoDB: Creating shared tablespace for temporary tables
2025-10-16 11:00:26 0 [Note] InnoDB: Setting file 'C:\xampp\mysql\data\ibtmp1' size to 12 MB. Physically writing the file full; Please wait ...
2025-10-16 11:00:26 0 [Note] InnoDB: File 'C:\xampp\mysql\data\ibtmp1' size is now 12 MB.
2025-10-16 11:00:26 0 [Note] InnoDB: Waiting for purge to start
2025-10-16 11:00:26 0 [Note] InnoDB: 10.4.32 started; log sequence number 300556; transaction id 170
2025-10-16 11:00:26 0 [Note] InnoDB: Loading buffer pool(s) from C:\xampp\mysql\data\ib_buffer_pool
2025-10-16 11:00:26 0 [Note] Plugin 'FEEDBACK' is disabled.
2025-10-16 11:00:26 0 [Note] Server socket created on IP: '::'.
2025-10-16 11:00:26 0 [Note] InnoDB: Buffer pool(s) load complet2025-10-16 19:54:06 0 [Note] Starting MariaDB 10.4.32-MariaDB source revision c4143f909528e3fab0677a28631d10389354c491 as process 21964
2025-10-16 19:54:06 0 [Note] InnoDB: Mutexes and rw_locks use Windows interlocked functions
2025-10-16 19:54:06 0 [Note] InnoDB: Uses event mutexes
2025-10-16 19:54:06 0 [Note] InnoDB: Compressed tables use zlib 1.3
2025-10-16 19:54:06 0 [Note] InnoDB: Number of pools: 1
2025-10-16 19:54:06 0 [Note] InnoDB: Using SSE2 crc32 instructions
2025-10-16 19:54:06 0 [Note] InnoDB: Initializing buffer pool, total size = 16M, instances = 1, chunk size = 16M
2025-10-16 19:54:06 0 [Note] InnoDB: Completed initialization of buffer pool
2025-10-16 19:54:06 0 [Note] InnoDB: The log sequence number 139827 in the system tablespace does not match the log sequence number 300556 in the ib_logfiles!
2025-10-16 19:54:06 0 [Note] InnoDB: 128 out of 128 rollback segments are active.
2025-10-16 19:54:06 0 [Note] InnoDB: Removed temporary tablespace data file: "ibtmp1"
2025-10-16 19:54:06 0 [Note] InnoDB: Creating shared tablespace for temporary tables
2025-10-16 19:54:06 0 [Note] InnoDB: Setting file 'C:\xampp\mysql\data\ibtmp1' size to 12 MB. Physically writing the file full; Please wait ...
2025-10-16 19:54:06 0 [Note] InnoDB: File 'C:\xampp\mysql\data\ibtmp1' size is now 12 MB.
2025-10-16 19:54:06 0 [Note] InnoDB: Waiting for purge to start
2025-10-16 19:54:06 0 [Note] InnoDB: 10.4.32 started; log sequence number 300556; transaction id 170
2025-10-16 19:54:06 0 [Note] InnoDB: Loading buffer pool(s) from C:\xampp\mysql\data\ib_buffer_pool
2025-10-16 19:54:06 0 [Note] Plugin 'FEEDBACK' is disabled.
2025-10-16 19:54:06 0 [Note] InnoDB: Buffer pool(s) load completed at 251016 19:54:06
2025-10-16 19:54:06 0 [Note] Server socket created on IP: '::'.
2025-10-27 19:27:27 0 [Note] Starting MariaDB 10.4.32-MariaDB source revision c4143f909528e3fab0677a28631d10389354c491 as process 5456
2025-10-27 19:27:27 0 [Note] InnoDB: Mutexes and rw_locks use Windows interlocked functions
2025-10-27 19:27:27 0 [Note] InnoDB: Uses event mutexes
2025-10-27 19:27:27 0 [Note] InnoDB: Compressed tables use zlib 1.3
2025-10-27 19:27:27 0 [Note] InnoDB: Number of pools: 1
2025-10-27 19:27:27 0 [Note] InnoDB: Using SSE2 crc32 instructions
2025-10-27 19:27:27 0 [Note] InnoDB: Initializing buffer pool, total size = 16M, instances = 1, chunk size = 16M
2025-10-27 19:27:27 0 [Note] InnoDB: Completed initialization of buffer pool
2025-10-27 19:27:27 0 [Note] InnoDB: The log sequence number 139827 in the system tablespace does not match the log sequence number 300556 in the ib_logfiles!
2025-10-27 19:27:28 0 [Note] InnoDB: 128 out of 128 rollback segments are active.
2025-10-27 19:27:28 0 [Note] InnoDB: Removed temporary tablespace data file: "ibtmp1"
2025-10-27 19:27:28 0 [Note] InnoDB: Creating shared tablespace for temporary tables
2025-10-27 19:27:28 0 [Note] InnoDB: Setting file 'C:\xampp\mysql\data\ibtmp1' size to 12 MB. Physically writing the file full; Please wait ...
2025-10-27 19:27:28 0 [Note] InnoDB: File 'C:\xampp\mysql\data\ibtmp1' size is now 12 MB.
2025-10-27 19:27:28 0 [Note] InnoDB: Waiting for purge to start
2025-10-27 19:27:28 0 [Note] InnoDB: 10.4.32 started; log sequence number 300556; transaction id 170
2025-10-27 19:27:28 0 [Note] InnoDB: Loading buffer pool(s) from C:\xampp\mysql\data\ib_buffer_pool
2025-10-27 19:27:28 0 [Note] Plugin 'FEEDBACK' is disabled.
2025-10-27 19:27:28 0 [Note] InnoDB: Buffer pool(s) load completed at 251027 19:27:28
2025-10-27 19:27:28 0 [Note] Server socket created on IP: '::'.
2025-11-13 23:30:25 0 [Note] Starting MariaDB 10.4.32-MariaDB source revision c4143f909528e3fab0677a28631d10389354c491 as process 9212
2025-11-13 23:30:25 0 [Note] InnoDB: Mutexes and rw_locks use Windows interlocked functions
2025-11-13 23:30:25 0 [Note] InnoDB: Uses event mutexes
2025-11-13 23:30:25 0 [Note] InnoDB: Compressed tables use zlib 1.3
2025-11-13 23:30:25 0 [Note] InnoDB: Number of pools: 1
2025-11-13 23:30:25 0 [Note] InnoDB: Using SSE2 crc32 instructions
2025-11-13 23:30:25 0 [Note] InnoDB: Initializing buffer pool, total size = 16M, instances = 1, chunk size = 16M
2025-11-13 23:30:25 0 [Note] InnoDB: Completed initialization of buffer pool
2025-11-13 23:30:26 0 [Note] InnoDB: The log sequence number 139827 in the system tablespace does not match the log sequence number 300556 in the ib_logfiles!
2025-11-13 23:30:26 0 [Note] InnoDB: 128 out of 128 rollback segments are active.
2025-11-13 23:30:26 0 [Note] InnoDB: Removed temporary tablespace data file: "ibtmp1"
2025-11-13 23:30:26 0 [Note] InnoDB: Creating shared tablespace for temporary tables
2025-11-13 23:30:26 0 [Note] InnoDB: Setting file 'C:\xampp\mysql\data\ibtmp1' size to 12 MB. Physically writing the file full; Please wait ...
2025-11-13 23:30:26 0 [Note] InnoDB: File 'C:\xampp\mysql\data\ibtmp1' size is now 12 MB.
2025-11-13 23:30:26 0 [Note] InnoDB: Waiting for purge to start
2025-11-13 23:30:26 0 [Note] InnoDB: 10.4.32 started; log sequence number 300556; transaction id 170
2025-11-13 23:30:26 0 [Note] InnoDB: Loading buffer pool(s) from C:\xampp\mysql\data\ib_buffer_pool
2025-11-13 23:30:26 0 [Note] Plugin 'FEEDBACK' is disabled.
2025-11-13 23:30:26 0 [Note] InnoDB: Buffer pool(s) load completed at 251113 23:30:26
2025-11-13 23:30:26 0 [Note] Server socket created on IP: '::'.
2025-11-15 12:50:24 0 [Note] Starting MariaDB 10.4.32-MariaDB source revision c4143f909528e3fab0677a28631d10389354c491 as process 26440
2025-11-15 12:50:24 0 [ERROR] mysqld.exe: Aria engine: log data error
last_log_page:   (1,0x4000) is less than
checkpoint page: (1,0x6000)
2025-11-15 12:50:24 0 [ERROR] mysqld.exe: Aria engine: log initialization failed
2025-11-15 12:50:24 0 [ERROR] Plugin 'Aria' registration as a STORAGE ENGINE failed.
2025-11-15 12:50:24 0 [Note] InnoDB: Mutexes and rw_locks use Windows interlocked functions
2025-11-15 12:50:24 0 [Note] InnoDB: Uses event mutexes
2025-11-15 12:50:24 0 [Note] InnoDB: Compressed tables use zlib 1.3
2025-11-15 12:50:24 0 [Note] InnoDB: Number of pools: 1
2025-11-15 12:50:24 0 [Note] InnoDB: Using SSE2 crc32 instructions
2025-11-15 12:50:24 0 [Note] InnoDB: Initializing buffer pool, total size = 16M, instances = 1, chunk size = 16M
2025-11-15 12:50:24 0 [Note] InnoDB: Completed initialization of buffer pool
2025-11-15 12:50:24 0 [Note] InnoDB: Starting crash recovery from checkpoint LSN=461005
2025-11-15 12:50:25 0 [Note] Starting MariaDB 10.4.32-MariaDB source revision c4143f909528e3fab0677a28631d10389354c491 as process 5024
2025-11-15 12:50:25 0 [ERROR] mysqld.exe: Aria engine: log data error
last_log_page:   (1,0x4000) is less than
checkpoint page: (1,0x6000)
2025-11-15 12:50:25 0 [ERROR] mysqld.exe: Aria engine: log initialization failed
2025-11-15 12:50:25 0 [ERROR] Plugin 'Aria' registration as a STORAGE ENGINE failed.
2025-11-15 12:50:25 0 [Note] InnoDB: Mutexes and rw_locks use Windows interlocked functions
2025-11-15 12:50:25 0 [Note] InnoDB: Uses event mutexes
2025-11-15 12:50:25 0 [Note] InnoDB: Compressed tables use zlib 1.3
2025-11-15 12:50:25 0 [Note] InnoDB: Number of pools: 1
2025-11-15 12:50:25 0 [Note] InnoDB: Using SSE2 crc32 instructions
2025-11-15 12:50:25 0 [Note] InnoDB: Initializing buffer pool, total size = 16M, instances = 1, chunk size = 16M
2025-11-15 12:50:25 0 [Note] InnoDB: Completed initialization of buffer pool
2025-11-15 12:50:25 0 [Note] InnoDB: Starting crash recovery from checkpoint LSN=461005
2025-11-15 12:50:26 0 [Note] InnoDB: 128 out of 128 rollback segments are active.
2025-11-15 12:50:26 0 [Note] InnoDB: Removed temporary tablespace data file: "ibtmp1"
2025-11-15 12:50:26 0 [Note] InnoDB: Creating shared tablespace for temporary tables
2025-11-15 12:50:26 0 [Note] InnoDB: Setting file 'C:\xampp\mysql\data\ibtmp1' size to 12 MB. Physically writing the file full; Please wait ...
2025-11-15 12:50:26 0 [Note] InnoDB: File 'C:\xampp\mysql\data\ibtmp1' size is now 12 MB.
2025-11-15 12:50:26 0 [Note] InnoDB: Waiting for purge to start
2025-11-15 12:50:26 0 [Note] InnoDB: 10.4.32 started; log sequence number 461014; transaction id 381
2025-11-15 12:50:26 0 [Note] InnoDB: Loading buffer pool(s) from C:\xampp\mysql\data\ib_buffer_pool
2025-11-15 12:50:26 0 [Note] Plugin 'FEEDBACK' is disabled.
2025-11-15 12:50:26 0 [ERROR] Could not open mysql.plugin table. Some plugins may be not loaded
2025-11-15 12:50:26 0 [ERROR] Failed to initialize plugins.
2025-11-15 12:50:26 0 [ERROR] Aborting
2025-11-15 12:50:29 0 [Note] Starting MariaDB 10.4.32-MariaDB source revision c4143f909528e3fab0677a28631d10389354c491 as process 26760
2025-11-15 12:50:29 0 [ERROR] mysqld.exe: Aria engine: log data error
last_log_page:   (1,0x4000) is less than
checkpoint page: (1,0x6000)
2025-11-15 12:50:29 0 [ERROR] mysqld.exe: Aria engine: log initialization failed
2025-11-15 12:50:29 0 [ERROR] Plugin 'Aria' registration as a STORAGE ENGINE failed.
2025-11-15 12:50:29 0 [Note] InnoDB: Mutexes and rw_locks use Windows interlocked functions
2025-11-15 12:50:29 0 [Note] InnoDB: Uses event mutexes
2025-11-15 12:50:29 0 [Note] InnoDB: Compressed tables use zlib 1.3
2025-11-15 12:50:29 0 [Note] InnoDB: Number of pools: 1
2025-11-15 12:50:29 0 [Note] InnoDB: Using SSE2 crc32 instructions
2025-11-15 12:50:29 0 [Note] InnoDB: Initializing buffer pool, total size = 16M, instances = 1, chunk size = 16M
2025-11-15 12:50:29 0 [Note] InnoDB: Completed initialization of buffer pool
2025-11-15 12:50:29 0 [Note] InnoDB: 128 out of 128 rollback segments are active.
2025-11-15 12:50:29 0 [Note] InnoDB: Creating shared tablespace for temporary tables
2025-11-15 12:50:29 0 [Note] InnoDB: Setting file 'C:\xampp\mysql\data\ibtmp1' size to 12 MB. Physically writing the file full; Please wait ...
2025-11-15 12:50:29 0 [Note] InnoDB: File 'C:\xampp\mysql\data\ibtmp1' size is now 12 MB.
2025-11-15 12:50:29 0 [Note] InnoDB: Waiting for purge to start
2025-11-15 12:50:30 0 [Note] InnoDB: 10.4.32 started; log sequence number 461023; transaction id 381
2025-11-15 12:50:30 0 [Note] InnoDB: Loading buffer pool(s) from C:\xampp\mysql\data\ib_buffer_pool
2025-11-15 12:50:30 0 [Note] Plugin 'FEEDBACK' is disabled.
2025-11-15 12:50:30 0 [Note] InnoDB: Buffer pool(s) load completed at 251115 12:50:30
2025-11-15 12:50:30 0 [ERROR] Could not open mysql.plugin table. Some plugins may be not loaded
2025-11-15 12:50:30 0 [ERROR] Failed to initialize plugins.
2025-11-15 12:50:30 0 [ERROR] Aborting
2025-11-15 12:50:32 0 [Note] Starting MariaDB 10.4.32-MariaDB source revision c4143f909528e3fab0677a28631d10389354c491 as process 3544
2025-11-15 12:50:32 0 [ERROR] mysqld.exe: Aria engine: log data error
last_log_page:   (1,0x4000) is less than
checkpoint page: (1,0x6000)
2025-11-15 12:50:32 0 [ERROR] mysqld.exe: Aria engine: log initialization failed
2025-11-15 12:50:32 0 [ERROR] Plugin 'Aria' registration as a STORAGE ENGINE failed.
2025-11-15 12:50:32 0 [Note] InnoDB: Mutexes and rw_locks use Windows interlocked functions
2025-11-15 12:50:32 0 [Note] InnoDB: Uses event mutexes
2025-11-15 12:50:32 0 [Note] InnoDB: Compressed tables use zlib 1.3
2025-11-15 12:50:32 0 [Note] InnoDB: Number of pools: 1
2025-11-15 12:50:32 0 [Note] InnoDB: Using SSE2 crc32 instructions
2025-11-15 12:50:32 0 [Note] InnoDB: Initializing buffer pool, total size = 16M, instances = 1, chunk size = 16M
2025-11-15 12:50:32 0 [Note] InnoDB: Completed initialization of buffer pool
2025-11-15 12:50:32 0 [Note] InnoDB: 128 out of 128 rollback segments are active.
2025-11-15 12:50:32 0 [Note] InnoDB: Creating shared tablespace for temporary tables
2025-11-15 12:50:32 0 [Note] InnoDB: Setting file 'C:\xampp\mysql\data\ibtmp1' size to 12 MB. Physically writing the file full; Please wait ...
2025-11-15 12:50:32 0 [Note] InnoDB: File 'C:\xampp\mysql\data\ibtmp1' size is now 12 MB.
2025-11-15 12:50:32 0 [Note] InnoDB: Waiting for purge to start
2025-11-15 12:50:32 0 [Note] InnoDB: 10.4.32 started; log sequence number 461032; transaction id 381
2025-11-15 12:50:32 0 [Note] InnoDB: Loading buffer pool(s) from C:\xampp\mysql\data\ib_buffer_pool
2025-11-15 12:50:32 0 [Note] Plugin 'FEEDBACK' is disabled.
2025-11-15 12:50:32 0 [Note] InnoDB: Buffer pool(s) load completed at 251115 12:50:32
2025-11-15 12:50:32 0 [ERROR] Could not open mysql.plugin table. Some plugins may be not loaded
2025-11-15 12:50:32 0 [ERROR] Failed to initialize plugins.
2025-11-15 12:50:32 0 [ERROR] Aborting
2025-11-15 12:50:34 0 [Note] Starting MariaDB 10.4.32-MariaDB source revision c4143f909528e3fab0677a28631d10389354c491 as process 19344
2025-11-15 12:50:34 0 [ERROR] mysqld.exe: Aria engine: log data error
last_log_page:   (1,0x4000) is less than
checkpoint page: (1,0x6000)
2025-11-15 12:50:34 0 [ERROR] mysqld.exe: Aria engine: log initialization failed
2025-11-15 12:50:34 0 [ERROR] Plugin 'Aria' registration as a STORAGE ENGINE failed.
2025-11-15 12:50:34 0 [Note] InnoDB: Mutexes and rw_locks use Windows interlocked functions
2025-11-15 12:50:34 0 [Note] InnoDB: Uses event mutexes
2025-11-15 12:50:34 0 [Note] InnoDB: Compressed tables use zlib 1.3
2025-11-15 12:50:34 0 [Note] InnoDB: Number of pools: 1
2025-11-15 12:50:34 0 [Note] InnoDB: Using SSE2 crc32 instructions
2025-11-15 12:50:34 0 [Note] InnoDB: Initializing buffer pool, total size = 16M, instances = 1, chunk size = 16M
2025-11-15 12:50:34 0 [Note] InnoDB: Completed initialization of buffer pool
2025-11-15 12:50:34 0 [Note] InnoDB: 128 out of 128 rollback segments are active.
2025-11-15 12:50:34 0 [Note] InnoDB: Creating shared tablespace for temporary tables
2025-11-15 12:50:34 0 [Note] InnoDB: Setting file 'C:\xampp\mysql\data\ibtmp1' size to 12 MB. Physically writing the file full; Please wait ...
2025-11-15 12:50:34 0 [Note] InnoDB: File 'C:\xampp\mysql\data\ibtmp1' size is now 12 MB.
2025-11-15 12:50:34 0 [Note] InnoDB: Waiting for purge to start
2025-11-15 12:50:35 0 [Note] InnoDB: 10.4.32 started; log sequence number 461041; transaction id 381
2025-11-15 12:50:35 0 [Note] InnoDB: Loading buffer pool(s) from C:\xampp\mysql\data\ib_buffer_pool
2025-11-15 12:50:35 0 [Note] Plugin 'FEEDBACK' is disabled.
2025-11-15 12:50:35 0 [Note] InnoDB: Buffer pool(s) load completed at 251115 12:50:35
2025-11-15 12:50:35 0 [ERROR] Could not open mysql.plugin table. Some plugins may be not loaded
2025-11-15 12:50:35 0 [ERROR] Failed to initialize plugins.
2025-11-15 12:50:35 0 [ERROR] Aborting
2025-11-15 12:50:39 0 [Note] Starting MariaDB 10.4.32-MariaDB source revision c4143f909528e3fab0677a28631d10389354c491 as process 11448
2025-11-15 12:50:39 0 [ERROR] mysqld.exe: Aria engine: log data error
last_log_page:   (1,0x4000) is less than
checkpoint page: (1,0x6000)
2025-11-15 12:50:39 0 [ERROR] mysqld.exe: Aria engine: log initialization failed
2025-11-15 12:50:39 0 [ERROR] Plugin 'Aria' registration as a STORAGE ENGINE failed.
2025-11-15 12:50:39 0 [Note] InnoDB: Mutexes and rw_locks use Windows interlocked functions
2025-11-15 12:50:39 0 [Note] InnoDB: Uses event mutexes
2025-11-15 12:50:39 0 [Note] InnoDB: Compressed tables use zlib 1.3
2025-11-15 12:50:39 0 [Note] InnoDB: Number of pools: 1
2025-11-15 12:50:39 0 [Note] InnoDB: Using SSE2 crc32 instructions
2025-11-15 12:50:39 0 [Note] InnoDB: Initializing buffer pool, total size = 16M, instances = 1, chunk size = 16M
2025-11-15 12:50:39 0 [Note] InnoDB: Completed initialization of buffer pool
2025-11-15 12:50:39 0 [Note] InnoDB: 128 out of 128 rollback segments are active.
2025-11-15 12:50:39 0 [Note] InnoDB: Creating shared tablespace for temporary tables
2025-11-15 12:50:39 0 [Note] InnoDB: Setting file 'C:\xampp\mysql\data\ibtmp1' size to 12 MB. Physically writing the file full; Please wait ...
2025-11-15 12:50:39 0 [Note] InnoDB: File 'C:\xampp\mysql\data\ibtmp1' size is now 12 MB.
2025-11-15 12:50:39 0 [Note] InnoDB: Waiting for purge to start
2025-11-15 12:50:39 0 [Note] InnoDB: 10.4.32 started; log sequence number 461050; transaction id 381
2025-11-15 12:50:39 0 [Note] InnoDB: Loading buffer pool(s) from C:\xampp\mysql\data\ib_buffer_pool
2025-11-15 12:50:39 0 [Note] Plugin 'FEEDBACK' is disabled.
2025-11-15 12:50:39 0 [Note] InnoDB: Buffer pool(s) load completed at 251115 12:50:39
2025-11-15 12:50:39 0 [ERROR] Could not open mysql.plugin table. Some plugins may be not loaded
2025-11-15 12:50:39 0 [ERROR] Failed to initialize plugins.
2025-11-15 12:50:39 0 [ERROR] Aborting
2025-11-15 12:50:41 0 [Note] Starting MariaDB 10.4.32-MariaDB source revision c4143f909528e3fab0677a28631d10389354c491 as process 9368
2025-11-15 12:50:41 0 [ERROR] mysqld.exe: Aria engine: log data error
last_log_page:   (1,0x4000) is less than
checkpoint page: (1,0x6000)
2025-11-15 12:50:41 0 [ERROR] mysqld.exe: Aria engine: log initialization failed
2025-11-15 12:50:41 0 [ERROR] Plugin 'Aria' registration as a STORAGE ENGINE failed.
2025-11-15 12:50:41 0 [Note] InnoDB: Mutexes and rw_locks use Windows interlocked functions
2025-11-15 12:50:41 0 [Note] InnoDB: Uses event mutexes
2025-11-15 12:50:41 0 [Note] InnoDB: Compressed tables use zlib 1.3
2025-11-15 12:50:41 0 [Note] InnoDB: Number of pools: 1
2025-11-15 12:50:41 0 [Note] InnoDB: Using SSE2 crc32 instructions
2025-11-15 12:50:41 0 [Note] InnoDB: Initializing buffer pool, total size = 16M, instances = 1, chunk size = 16M
2025-11-15 12:50:42 0 [Note] InnoDB: Completed initialization of buffer pool
2025-11-15 12:50:42 0 [Note] InnoDB: 128 out of 128 rollback segments are active.
2025-11-15 12:50:42 0 [Note] InnoDB: Creating shared tablespace for temporary tables
2025-11-15 12:50:42 0 [Note] InnoDB: Setting file 'C:\xampp\mysql\data\ibtmp1' size to 12 MB. Physically writing the file full; Please wait ...
2025-11-15 12:50:42 0 [Note] InnoDB: File 'C:\xampp\mysql\data\ibtmp1' size is now 12 MB.
2025-11-15 12:50:42 0 [Note] InnoDB: Waiting for purge to start
2025-11-15 12:50:42 0 [Note] InnoDB: 10.4.32 started; log sequence number 461059; transaction id 381
2025-11-15 12:50:42 0 [Note] InnoDB: Loading buffer pool(s) from C:\xampp\mysql\data\ib_buffer_pool
2025-11-15 12:50:42 0 [Note] InnoDB: Buffer pool(s) load completed at 251115 12:50:42
2025-11-15 12:50:42 0 [Note] Plugin 'FEEDBACK' is disabled.
2025-11-15 12:50:42 0 [ERROR] Could not open mysql.plugin table. Some plugins may be not loaded
2025-11-15 12:50:42 0 [ERROR] Failed to initialize plugins.
2025-11-15 12:50:42 0 [ERROR] Aborting
2025-11-15 12:50:46 0 [Note] Starting MariaDB 10.4.32-MariaDB source revision c4143f909528e3fab0677a28631d10389354c491 as process 26060
2025-11-15 12:50:46 0 [ERROR] mysqld.exe: Aria engine: log data error
last_log_page:   (1,0x4000) is less than
checkpoint page: (1,0x6000)
2025-11-15 12:50:46 0 [ERROR] mysqld.exe: Aria engine: log initialization failed
2025-11-15 12:50:46 0 [ERROR] Plugin 'Aria' registration as a STORAGE ENGINE failed.
2025-11-15 12:50:46 0 [Note] InnoDB: Mutexes and rw_locks use Windows interlocked functions
2025-11-15 12:50:46 0 [Note] InnoDB: Uses event mutexes
2025-11-15 12:50:46 0 [Note] InnoDB: Compressed tables use zlib 1.3
2025-11-15 12:50:46 0 [Note] InnoDB: Number of pools: 1
2025-11-15 12:50:46 0 [Note] InnoDB: Using SSE2 crc32 instructions
2025-11-15 12:50:46 0 [Note] InnoDB: Initializing buffer pool, total size = 16M, instances = 1, chunk size = 16M
2025-11-15 12:50:46 0 [Note] InnoDB: Completed initialization of buffer pool
2025-11-15 12:50:46 0 [Note] InnoDB: 128 out of 128 rollback segments are active.
2025-11-15 12:50:46 0 [Note] InnoDB: Creating shared tablespace for temporary tables
2025-11-15 12:50:46 0 [Note] InnoDB: Setting file 'C:\xampp\mysql\data\ibtmp1' size to 12 MB. Physically writing the file full; Please wait ...
2025-11-15 12:50:46 0 [Note] InnoDB: File 'C:\xampp\mysql\data\ibtmp1' size is now 12 MB.
2025-11-15 12:50:46 0 [Note] InnoDB: Waiting for purge to start
2025-11-15 12:50:46 0 [Note] InnoDB: 10.4.32 started; log sequence number 461068; transaction id 381
2025-11-15 12:50:46 0 [Note] InnoDB: Loading buffer pool(s) from C:\xampp\mysql\data\ib_buffer_pool
2025-11-15 12:50:46 0 [Note] Plugin 'FEEDBACK' is disabled.
2025-11-15 12:50:46 0 [Note] InnoDB: Buffer pool(s) load completed at 251115 12:50:46
2025-11-15 12:50:46 0 [ERROR] Could not open mysql.plugin table. Some plugins may be not loaded
2025-11-15 12:50:46 0 [ERROR] Failed to initialize plugins.
2025-11-15 12:50:46 0 [ERROR] Aborting
2025-11-15 12:50:50 0 [Note] Starting MariaDB 10.4.32-MariaDB source revision c4143f909528e3fab0677a28631d10389354c491 as process 23940
2025-11-15 12:50:50 0 [ERROR] mysqld.exe: Aria engine: log data error
last_log_page:   (1,0x4000) is less than
checkpoint page: (1,0x6000)
2025-11-15 12:50:50 0 [ERROR] mysqld.exe: Aria engine: log initialization failed
2025-11-15 12:50:50 0 [ERROR] Plugin 'Aria' registration as a STORAGE ENGINE failed.
2025-11-15 12:50:50 0 [Note] InnoDB: Mutexes and rw_locks use Windows interlocked functions
2025-11-15 12:50:50 0 [Note] InnoDB: Uses event mutexes
2025-11-15 12:50:50 0 [Note] InnoDB: Compressed tables use zlib 1.3
2025-11-15 12:50:50 0 [Note] InnoDB: Number of pools: 1
2025-11-15 12:50:50 0 [Note] InnoDB: Using SSE2 crc32 instructions
2025-11-15 12:50:50 0 [Note] InnoDB: Initializing buffer pool, total size = 16M, instances = 1, chunk size = 16M
2025-11-15 12:50:50 0 [Note] InnoDB: Completed initialization of buffer pool
2025-11-15 12:50:50 0 [Note] InnoDB: 128 out of 128 rollback segments are active.
2025-11-15 12:50:50 0 [Note] InnoDB: Creating shared tablespace for temporary tables
2025-11-15 12:50:50 0 [Note] InnoDB: Setting file 'C:\xampp\mysql\data\ibtmp1' size to 12 MB. Physically writing the file full; Please wait ...
2025-11-15 12:50:50 0 [Note] InnoDB: File 'C:\xampp\mysql\data\ibtmp1' size is now 12 MB.
2025-11-15 12:50:50 0 [Note] InnoDB: Waiting for purge to start
2025-11-15 12:50:50 0 [Note] InnoDB: 10.4.32 started; log sequence number 461077; transaction id 381
2025-11-15 12:50:50 0 [Note] InnoDB: Loading buffer pool(s) from C:\xampp\mysql\data\ib_buffer_pool
2025-11-15 12:50:50 0 [Note] Plugin 'FEEDBACK' is disabled.
2025-11-15 12:50:50 0 [Note] InnoDB: Buffer pool(s) load completed at 251115 12:50:50
2025-11-15 12:50:50 0 [ERROR] Could not open mysql.plugin table. Some plugins may be not loaded
2025-11-15 12:50:50 0 [ERROR] Failed to initialize plugins.
2025-11-15 12:50:50 0 [ERROR] Aborting
2025-11-19 23:06:40 0 [Note] Starting MariaDB 10.4.32-MariaDB source revision c4143f909528e3fab0677a28631d10389354c491 as process 26712
2025-11-19 23:06:40 0 [ERROR] mysqld.exe: Aria engine: log data error
last_log_page:   (1,0x4000) is less than
checkpoint page: (1,0x6000)
2025-11-19 23:06:40 0 [ERROR] mysqld.exe: Aria engine: log initialization failed
2025-11-19 23:06:40 0 [ERROR] Plugin 'Aria' registration as a STORAGE ENGINE failed.
2025-11-19 23:06:40 0 [Note] InnoDB: Mutexes and rw_locks use Windows interlocked functions
2025-11-19 23:06:40 0 [Note] InnoDB: Uses event mutexes
2025-11-19 23:06:40 0 [Note] InnoDB: Compressed tables use zlib 1.3
2025-11-19 23:06:40 0 [Note] InnoDB: Number of pools: 1
2025-11-19 23:06:40 0 [Note] InnoDB: Using SSE2 crc32 instructions
2025-11-19 23:06:40 0 [Note] InnoDB: Initializing buffer pool, total size = 16M, instances = 1, chunk size = 16M
2025-11-19 23:06:40 0 [Note] InnoDB: Completed initialization of buffer pool
2025-11-19 23:06:41 0 [Note] InnoDB: 128 out of 128 rollback segments are active.
2025-11-19 23:06:41 0 [Note] InnoDB: Creating shared tablespace for temporary tables
2025-11-19 23:06:41 0 [Note] InnoDB: Setting file 'C:\xampp\mysql\data\ibtmp1' size to 12 MB. Physically writing the file full; Please wait ...
2025-11-19 23:06:41 0 [Note] InnoDB: File 'C:\xampp\mysql\data\ibtmp1' size is now 12 MB.
2025-11-19 23:06:41 0 [Note] InnoDB: Waiting for purge to start
2025-11-19 23:06:41 0 [Note] InnoDB: 10.4.32 started; log sequence number 461086; transaction id 381
2025-11-19 23:06:41 0 [Note] InnoDB: Loading buffer pool(s) from C:\xampp\mysql\data\ib_buffer_pool
2025-11-19 23:06:41 0 [Note] Plugin 'FEEDBACK' is disabled.
2025-11-19 23:06:41 0 [ERROR] Could not open mysql.plugin table. Some plugins may be not loaded
2025-11-19 23:06:41 0 [ERROR] Failed to initialize plugins.
2025-11-19 23:06:41 0 [ERROR] Aborting
2025-11-19 23:06:45 0 [Note] Starting MariaDB 10.4.32-MariaDB source revision c4143f909528e3fab0677a28631d10389354c491 as process 30652
2025-11-19 23:06:45 0 [ERROR] mysqld.exe: Aria engine: log data error
last_log_page:   (1,0x4000) is less than
checkpoint page: (1,0x6000)
2025-11-19 23:06:45 0 [ERROR] mysqld.exe: Aria engine: log initialization failed
2025-11-19 23:06:45 0 [ERROR] Plugin 'Aria' registration as a STORAGE ENGINE failed.
2025-11-19 23:06:45 0 [Note] InnoDB: Mutexes and rw_locks use Windows interlocked functions
2025-11-19 23:06:45 0 [Note] InnoDB: Uses event mutexes
2025-11-19 23:06:45 0 [Note] InnoDB: Compressed tables use zlib 1.3
2025-11-19 23:06:45 0 [Note] InnoDB: Number of pools: 1
2025-11-19 23:06:45 0 [Note] InnoDB: Using SSE2 crc32 instructions
2025-11-19 23:06:45 0 [Note] InnoDB: Initializing buffer pool, total size = 16M, instances = 1, chunk size = 16M
2025-11-19 23:06:45 0 [Note] InnoDB: Completed initialization of buffer pool
2025-11-19 23:06:45 0 [Note] InnoDB: 128 out of 128 rollback segments are active.
2025-11-19 23:06:45 0 [Note] InnoDB: Creating shared tablespace for temporary tables
2025-11-19 23:06:45 0 [Note] InnoDB: Setting file 'C:\xampp\mysql\data\ibtmp1' size to 12 MB. Physically writing the file full; Please wait ...
2025-11-19 23:06:45 0 [Note] InnoDB: File 'C:\xampp\mysql\data\ibtmp1' size is now 12 MB.
2025-11-19 23:06:45 0 [Note] InnoDB: Waiting for purge to start
2025-11-19 23:06:45 0 [Note] InnoDB: 10.4.32 started; log sequence number 461095; transaction id 381
2025-11-19 23:06:45 0 [Note] InnoDB: Loading buffer pool(s) from C:\xampp\mysql\data\ib_buffer_pool
2025-11-19 23:06:45 0 [Note] Plugin 'FEEDBACK' is disabled.
2025-11-19 23:06:45 0 [Note] InnoDB: Buffer pool(s) load completed at 251119 23:06:45
2025-11-19 23:06:45 0 [ERROR] Could not open mysql.plugin table. Some plugins may be not loaded
2025-11-19 23:06:45 0 [ERROR] Failed to initialize plugins.
2025-11-19 23:06:45 0 [ERROR] Aborting
2025-11-19 23:06:59 0 [Note] Starting MariaDB 10.4.32-MariaDB source revision c4143f909528e3fab0677a28631d10389354c491 as process 15600
2025-11-19 23:06:59 0 [ERROR] mysqld.exe: Aria engine: log data error
last_log_page:   (1,0x4000) is less than
checkpoint page: (1,0x6000)
2025-11-19 23:06:59 0 [ERROR] mysqld.exe: Aria engine: log initialization failed
2025-11-19 23:06:59 0 [ERROR] Plugin 'Aria' registration as a STORAGE ENGINE failed.
2025-11-19 23:06:59 0 [Note] InnoDB: Mutexes and rw_locks use Windows interlocked functions
2025-11-19 23:06:59 0 [Note] InnoDB: Uses event mutexes
2025-11-19 23:06:59 0 [Note] InnoDB: Compressed tables use zlib 1.3
2025-11-19 23:06:59 0 [Note] InnoDB: Number of pools: 1
2025-11-19 23:06:59 0 [Note] InnoDB: Using SSE2 crc32 instructions
2025-11-19 23:06:59 0 [Note] InnoDB: Initializing buffer pool, total size = 16M, instances = 1, chunk size = 16M
2025-11-19 23:06:59 0 [Note] InnoDB: Completed initialization of buffer pool
2025-11-19 23:06:59 0 [Note] InnoDB: 128 out of 128 rollback segments are active.
2025-11-19 23:06:59 0 [Note] InnoDB: Creating shared tablespace for temporary tables
2025-11-19 23:06:59 0 [Note] InnoDB: Setting file 'C:\xampp\mysql\data\ibtmp1' size to 12 MB. Physically writing the file full; Please wait ...
2025-11-19 23:06:59 0 [Note] InnoDB: File 'C:\xampp\mysql\data\ibtmp1' size is now 12 MB.
2025-11-19 23:06:59 0 [Note] InnoDB: Waiting for purge to start
2025-11-19 23:06:59 0 [Note] InnoDB: 10.4.32 started; log sequence number 461104; transaction id 381
2025-11-19 23:06:59 0 [Note] InnoDB: Loading buffer pool(s) from C:\xampp\mysql\data\ib_buffer_pool
2025-11-19 23:06:59 0 [Note] Plugin 'FEEDBACK' is disabled.
2025-11-19 23:06:59 0 [Note] InnoDB: Buffer pool(s) load completed at 251119 23:06:59
2025-11-19 23:06:59 0 [ERROR] Could not open mysql.plugin table. Some plugins may be not loaded
2025-11-19 23:06:59 0 [ERROR] Failed to initialize plugins.
2025-11-19 23:06:59 0 [ERROR] Aborting
2025-11-19 23:07:02 0 [Note] Starting MariaDB 10.4.32-MariaDB source revision c4143f909528e3fab0677a28631d10389354c491 as process 13380
2025-11-19 23:07:02 0 [ERROR] mysqld.exe: Aria engine: log data error
last_log_page:   (1,0x4000) is less than
checkpoint page: (1,0x6000)
2025-11-19 23:07:02 0 [ERROR] mysqld.exe: Aria engine: log initialization failed
2025-11-19 23:07:02 0 [ERROR] Plugin 'Aria' registration as a STORAGE ENGINE failed.
2025-11-19 23:07:02 0 [Note] InnoDB: Mutexes and rw_locks use Windows interlocked functions
2025-11-19 23:07:02 0 [Note] InnoDB: Uses event mutexes
2025-11-19 23:07:02 0 [Note] InnoDB: Compressed tables use zlib 1.3
2025-11-19 23:07:02 0 [Note] InnoDB: Number of pools: 1
2025-11-19 23:07:02 0 [Note] InnoDB: Using SSE2 crc32 instructions
2025-11-19 23:07:02 0 [Note] InnoDB: Initializing buffer pool, total size = 16M, instances = 1, chunk size = 16M
2025-11-19 23:07:02 0 [Note] InnoDB: Completed initialization of buffer pool
2025-11-19 23:07:02 0 [Note] InnoDB: 128 out of 128 rollback segments are active.
2025-11-19 23:07:02 0 [Note] InnoDB: Creating shared tablespace for temporary tables
2025-11-19 23:07:02 0 [Note] InnoDB: Setting file 'C:\xampp\mysql\data\ibtmp1' size to 12 MB. Physically writing the file full; Please wait ...
2025-11-19 23:07:02 0 [Note] InnoDB: File 'C:\xampp\mysql\data\ibtmp1' size is now 12 MB.
2025-11-19 23:07:02 0 [Note] InnoDB: Waiting for purge to start
2025-11-19 23:07:02 0 [Note] InnoDB: 10.4.32 started; log sequence number 461113; transaction id 381
2025-11-19 23:07:02 0 [Note] InnoDB: Loading buffer pool(s) from C:\xampp\mysql\data\ib_buffer_pool
2025-11-19 23:07:02 0 [Note] Plugin 'FEEDBACK' is disabled.
2025-11-19 23:07:02 0 [Note] InnoDB: Buffer pool(s) load completed at 251119 23:07:02
2025-11-19 23:07:02 0 [ERROR] Could not open mysql.plugin table. Some plugins may be not loaded
2025-11-19 23:07:02 0 [ERROR] Failed to initialize plugins.
2025-11-19 23:07:02 0 [ERROR] Aborting
2025-11-19 23:07:06 0 [Note] Starting MariaDB 10.4.32-MariaDB source revision c4143f909528e3fab0677a28631d10389354c491 as process 23188
2025-11-19 23:07:06 0 [ERROR] mysqld.exe: Aria engine: log data error
last_log_page:   (1,0x4000) is less than
checkpoint page: (1,0x6000)
2025-11-19 23:07:06 0 [ERROR] mysqld.exe: Aria engine: log initialization failed
2025-11-19 23:07:06 0 [ERROR] Plugin 'Aria' registration as a STORAGE ENGINE failed.
2025-11-19 23:07:06 0 [Note] InnoDB: Mutexes and rw_locks use Windows interlocked functions
2025-11-19 23:07:06 0 [Note] InnoDB: Uses event mutexes
2025-11-19 23:07:06 0 [Note] InnoDB: Compressed tables use zlib 1.3
2025-11-19 23:07:06 0 [Note] InnoDB: Number of pools: 1
2025-11-19 23:07:06 0 [Note] InnoDB: Using SSE2 crc32 instructions
2025-11-19 23:07:06 0 [Note] InnoDB: Initializing buffer pool, total size = 16M, instances = 1, chunk size = 16M
2025-11-19 23:07:06 0 [Note] InnoDB: Completed initialization of buffer pool
2025-11-19 23:07:06 0 [Note] InnoDB: 128 out of 128 rollback segments are active.
2025-11-19 23:07:06 0 [Note] InnoDB: Creating shared tablespace for temporary tables
2025-11-19 23:07:06 0 [Note] InnoDB: Setting file 'C:\xampp\mysql\data\ibtmp1' size to 12 MB. Physically writing the file full; Please wait ...
2025-11-19 23:07:06 0 [Note] InnoDB: File 'C:\xampp\mysql\data\ibtmp1' size is now 12 MB.
2025-11-19 23:07:06 0 [Note] InnoDB: Waiting for purge to start
2025-11-19 23:07:06 0 [Note] InnoDB: 10.4.32 started; log sequence number 461122; transaction id 381
2025-11-19 23:07:06 0 [Note] InnoDB: Loading buffer pool(s) from C:\xampp\mysql\data\ib_buffer_pool
2025-11-19 23:07:06 0 [Note] Plugin 'FEEDBACK' is disabled.
2025-11-19 23:07:06 0 [Note] InnoDB: Buffer pool(s) load completed at 251119 23:07:06
2025-11-19 23:07:06 0 [ERROR] Could not open mysql.plugin table. Some plugins may be not loaded
2025-11-19 23:07:06 0 [ERROR] Failed to initialize plugins.
2025-11-19 23:07:06 0 [ERROR] Aborting
2025-11-19 23:11:18 0 [Note] Starting MariaDB 10.4.32-MariaDB source revision c4143f909528e3fab0677a28631d10389354c491 as process 22484
2025-11-19 23:11:18 0 [ERROR] mysqld.exe: Aria engine: log data error
last_log_page:   (1,0x4000) is less than
checkpoint page: (1,0x6000)
2025-11-19 23:11:18 0 [ERROR] mysqld.exe: Aria engine: log initialization failed
2025-11-19 23:11:18 0 [ERROR] Plugin 'Aria' registration as a STORAGE ENGINE failed.
2025-11-19 23:11:18 0 [Note] InnoDB: Mutexes and rw_locks use Windows interlocked functions
2025-11-19 23:11:18 0 [Note] InnoDB: Uses event mutexes
2025-11-19 23:11:18 0 [Note] InnoDB: Compressed tables use zlib 1.3
2025-11-19 23:11:18 0 [Note] InnoDB: Number of pools: 1
2025-11-19 23:11:18 0 [Note] InnoDB: Using SSE2 crc32 instructions
2025-11-19 23:11:18 0 [Note] InnoDB: Initializing buffer pool, total size = 16M, instances = 1, chunk size = 16M
2025-11-19 23:11:18 0 [Note] InnoDB: Completed initialization of buffer pool
2025-11-19 23:11:18 0 [Note] InnoDB: 128 out of 128 rollback segments are active.
2025-11-19 23:11:18 0 [Note] InnoDB: Creating shared tablespace for temporary tables
2025-11-19 23:11:18 0 [Note] InnoDB: Setting file 'C:\xampp\mysql\data\ibtmp1' size to 12 MB. Physically writing the file full; Please wait ...
2025-11-19 23:11:18 0 [Note] InnoDB: File 'C:\xampp\mysql\data\ibtmp1' size is now 12 MB.
2025-11-19 23:11:18 0 [Note] InnoDB: Waiting for purge to start
2025-11-19 23:11:18 0 [Note] InnoDB: 10.4.32 started; log sequence number 461131; transaction id 381
2025-11-19 23:11:18 0 [Note] InnoDB: Loading buffer pool(s) from C:\xampp\mysql\data\ib_buffer_pool
2025-11-19 23:11:18 0 [Note] Plugin 'FEEDBACK' is disabled.
2025-11-19 23:11:18 0 [Note] InnoDB: Buffer pool(s) load completed at 251119 23:11:18
2025-11-19 23:11:18 0 [ERROR] Could not open mysql.plugin table. Some plugins may be not loaded
2025-11-19 23:11:18 0 [ERROR] Failed to initialize plugins.
2025-11-19 23:11:18 0 [ERROR] Aborting
2025-11-19 23:20:26 0 [Note] Starting MariaDB 10.4.32-MariaDB source revision c4143f909528e3fab0677a28631d10389354c491 as process 25568
2025-11-19 23:20:26 0 [ERROR] mysqld.exe: Aria engine: log data error
last_log_page:   (1,0x4000) is less than
checkpoint page: (1,0x6000)
2025-11-19 23:20:26 0 [ERROR] mysqld.exe: Aria engine: log initialization failed
2025-11-19 23:20:26 0 [ERROR] Plugin 'Aria' registration as a STORAGE ENGINE failed.
2025-11-19 23:20:26 0 [Note] InnoDB: Mutexes and rw_locks use Windows interlocked functions
2025-11-19 23:20:26 0 [Note] InnoDB: Uses event mutexes
2025-11-19 23:20:26 0 [Note] InnoDB: Compressed tables use zlib 1.3
2025-11-19 23:20:26 0 [Note] InnoDB: Number of pools: 1
2025-11-19 23:20:26 0 [Note] InnoDB: Using SSE2 crc32 instructions
2025-11-19 23:20:26 0 [Note] InnoDB: Initializing buffer pool, total size = 16M, instances = 1, chunk size = 16M
2025-11-19 23:20:26 0 [Note] InnoDB: Completed initialization of buffer pool
2025-11-19 23:20:26 0 [Note] InnoDB: 128 out of 128 rollback segments are active.
2025-11-19 23:20:26 0 [Note] InnoDB: Creating shared tablespace for temporary tables
2025-11-19 23:20:26 0 [Note] InnoDB: Setting file 'C:\xampp\mysql\data\ibtmp1' size to 12 MB. Physically writing the file full; Please wait ...
2025-11-19 23:20:26 0 [Note] InnoDB: File 'C:\xampp\mysql\data\ibtmp1' size is now 12 MB.
2025-11-19 23:20:26 0 [Note] InnoDB: Waiting for purge to start
2025-11-19 23:20:26 0 [Note] InnoDB: 10.4.32 started; log sequence number 461140; transaction id 381
2025-11-19 23:20:26 0 [Note] InnoDB: Loading buffer pool(s) from C:\xampp\mysql\data\ib_buffer_pool
2025-11-19 23:20:26 0 [Note] Plugin 'FEEDBACK' is disabled.
2025-11-19 23:20:26 0 [Note] InnoDB: Buffer pool(s) load completed at 251119 23:20:26
2025-11-19 23:20:26 0 [ERROR] Could not open mysql.plugin table. Some plugins may be not loaded
2025-11-19 23:20:26 0 [ERROR] Failed to initialize plugins.
2025-11-19 23:20:26 0 [ERROR] Aborting
2025-11-19 23:20:28 0 [Note] Starting MariaDB 10.4.32-MariaDB source revision c4143f909528e3fab0677a28631d10389354c491 as process 9356
2025-11-19 23:20:28 0 [ERROR] mysqld.exe: Aria engine: log data error
last_log_page:   (1,0x4000) is less than
checkpoint page: (1,0x6000)
2025-11-19 23:20:28 0 [ERROR] mysqld.exe: Aria engine: log initialization failed
2025-11-19 23:20:28 0 [ERROR] Plugin 'Aria' registration as a STORAGE ENGINE failed.
2025-11-19 23:20:28 0 [Note] InnoDB: Mutexes and rw_locks use Windows interlocked functions
2025-11-19 23:20:28 0 [Note] InnoDB: Uses event mutexes
2025-11-19 23:20:28 0 [Note] InnoDB: Compressed tables use zlib 1.3
2025-11-19 23:20:28 0 [Note] InnoDB: Number of pools: 1
2025-11-19 23:20:28 0 [Note] InnoDB: Using SSE2 crc32 instructions
2025-11-19 23:20:28 0 [Note] InnoDB: Initializing buffer pool, total size = 16M, instances = 1, chunk size = 16M
2025-11-19 23:20:28 0 [Note] InnoDB: Completed initialization of buffer pool
2025-11-19 23:20:28 0 [Note] InnoDB: 128 out of 128 rollback segments are active.
2025-11-19 23:20:28 0 [Note] InnoDB: Creating shared tablespace for temporary tables
2025-11-19 23:20:28 0 [Note] InnoDB: Setting file 'C:\xampp\mysql\data\ibtmp1' size to 12 MB. Physically writing the file full; Please wait ...
2025-11-19 23:20:28 0 [Note] InnoDB: File 'C:\xampp\mysql\data\ibtmp1' size is now 12 MB.
2025-11-19 23:20:28 0 [Note] InnoDB: Waiting for purge to start
2025-11-19 23:20:28 0 [Note] InnoDB: 10.4.32 started; log sequence number 461149; transaction id 381
2025-11-19 23:20:28 0 [Note] InnoDB: Loading buffer pool(s) from C:\xampp\mysql\data\ib_buffer_pool
2025-11-19 23:20:28 0 [Note] Plugin 'FEEDBACK' is disabled.
2025-11-19 23:20:28 0 [ERROR] Could not open mysql.plugin table. Some plugins may be not loaded
2025-11-19 23:20:28 0 [ERROR] Failed to initialize plugins.
2025-11-19 23:20:28 0 [Note] InnoDB: Buffer pool(s) load completed at 251119 23:20:28
2025-11-19 23:20:28 0 [ERROR] Aborting
2025-11-19 23:20:32 0 [Note] Starting MariaDB 10.4.32-MariaDB source revision c4143f909528e3fab0677a28631d10389354c491 as process 15304
2025-11-19 23:20:32 0 [ERROR] mysqld.exe: Aria engine: log data error
last_log_page:   (1,0x4000) is less than
checkpoint page: (1,0x6000)
2025-11-19 23:20:32 0 [ERROR] mysqld.exe: Aria engine: log initialization failed
2025-11-19 23:20:32 0 [ERROR] Plugin 'Aria' registration as a STORAGE ENGINE failed.
2025-11-19 23:20:32 0 [Note] InnoDB: Mutexes and rw_locks use Windows interlocked functions
2025-11-19 23:20:32 0 [Note] InnoDB: Uses event mutexes
2025-11-19 23:20:32 0 [Note] InnoDB: Compressed tables use zlib 1.3
2025-11-19 23:20:32 0 [Note] InnoDB: Number of pools: 1
2025-11-19 23:20:32 0 [Note] InnoDB: Using SSE2 crc32 instructions
2025-11-19 23:20:32 0 [Note] InnoDB: Initializing buffer pool, total size = 16M, instances = 1, chunk size = 16M
2025-11-19 23:20:32 0 [Note] InnoDB: Completed initialization of buffer pool
2025-11-19 23:20:32 0 [Note] InnoDB: 128 out of 128 rollback segments are active.
2025-11-19 23:20:32 0 [Note] InnoDB: Creating shared tablespace for temporary tables
2025-11-19 23:20:32 0 [Note] InnoDB: Setting file 'C:\xampp\mysql\data\ibtmp1' size to 12 MB. Physically writing the file full; Please wait ...
2025-11-19 23:20:32 0 [Note] InnoDB: File 'C:\xampp\mysql\data\ibtmp1' size is now 12 MB.
2025-11-19 23:20:32 0 [Note] InnoDB: Waiting for purge to start
2025-11-19 23:20:32 0 [Note] InnoDB: 10.4.32 started; log sequence number 461158; transaction id 381
2025-11-19 23:20:32 0 [Note] InnoDB: Loading buffer pool(s) from C:\xampp\mysql\data\ib_buffer_pool
2025-11-19 23:20:32 0 [Note] Plugin 'FEEDBACK' is disabled.
2025-11-19 23:20:32 0 [Note] InnoDB: Buffer pool(s) load completed at 251119 23:20:32
2025-11-19 23:20:32 0 [ERROR] Could not open mysql.plugin table. Some plugins may be not loaded
2025-11-19 23:20:32 0 [ERROR] Failed to initialize plugins.
2025-11-19 23:20:32 0 [ERROR] Aborting
